This is pdfTeX, Version 3.14159265-2.6-1.40.17 (TeX Live 2016) (preloaded format=pdflatex 2016.6.26)  3 NOV 2016 08:35
entering extended mode
 restricted \write18 enabled.
 %&-line parsing enabled.
**GIS2016_Slides.tex
(./GIS2016_Slides.tex
LaTeX2e <2016/03/31> patch level 1
Babel <3.9r> and hyphenation patterns for 83 language(s) loaded.
(/usr/local/texlive/2016/texmf-dist/tex/latex/beamer/beamer.cls
(/usr/local/texlive/2016/texmf-dist/tex/latex/beamer/beamerbasercs.sty
Package: beamerbasercs 2015/03/08 (rcs-revision 368aa9ba9d38)
)
Document Class: beamer 2015/01/05 3.36 A class for typesetting presentations (r
cs-revision 8a39122e1f63)
(/usr/local/texlive/2016/texmf-dist/tex/latex/beamer/beamerbasemodes.sty
Package: beamerbasemodes 2013/09/03 (rcs-revision 768f2d98ca64)
\beamer@tempbox=\box26
\beamer@tempcount=\count79
\c@beamerpauses=\count80

(/usr/local/texlive/2016/texmf-dist/tex/latex/beamer/beamerbasedecode.sty
Package: beamerbasedecode 2010/05/01 (rcs-revision efa082c6111d)
\beamer@slideinframe=\count81
\beamer@minimum=\count82
)
\beamer@commentbox=\box27
\beamer@modecount=\count83
)
(/usr/local/texlive/2016/texmf-dist/tex/generic/oberdiek/ifpdf.sty
Package: ifpdf 2016/05/14 v3.1 Provides the ifpdf switch
)
\headheight=\dimen102
\headdp=\dimen103
\footheight=\dimen104
\sidebarheight=\dimen105
\beamer@tempdim=\dimen106
\beamer@finalheight=\dimen107
\beamer@animht=\dimen108
\beamer@animdp=\dimen109
\beamer@animwd=\dimen110
\beamer@leftmargin=\dimen111
\beamer@rightmargin=\dimen112
\beamer@leftsidebar=\dimen113
\beamer@rightsidebar=\dimen114
\beamer@boxsize=\dimen115
\beamer@vboxoffset=\dimen116
\beamer@descdefault=\dimen117
\beamer@descriptionwidth=\dimen118
\beamer@lastskip=\skip41
\beamer@areabox=\box28
\beamer@animcurrent=\box29
\beamer@animshowbox=\box30
\beamer@sectionbox=\box31
\beamer@logobox=\box32
\beamer@linebox=\box33
\beamer@sectioncount=\count84
\beamer@subsubsectionmax=\count85
\beamer@subsectionmax=\count86
\beamer@sectionmax=\count87
\beamer@totalheads=\count88
\beamer@headcounter=\count89
\beamer@partstartpage=\count90
\beamer@sectionstartpage=\count91
\beamer@subsectionstartpage=\count92
\beamer@animationtempa=\count93
\beamer@animationtempb=\count94
\beamer@xpos=\count95
\beamer@ypos=\count96
\beamer@showpartnumber=\count97
\beamer@currentsubsection=\count98
\beamer@coveringdepth=\count99
\beamer@sectionadjust=\count100
\beamer@tocsectionnumber=\count101

(/usr/local/texlive/2016/texmf-dist/tex/latex/beamer/beamerbaseoptions.sty
Package: beamerbaseoptions 2013/03/10 (rcs-revision 47431932db0d)

(/usr/local/texlive/2016/texmf-dist/tex/latex/graphics/keyval.sty
Package: keyval 2014/10/28 v1.15 key=value parser (DPC)
\KV@toks@=\toks14
))
\beamer@paperwidth=\skip42
\beamer@paperheight=\skip43

(/usr/local/texlive/2016/texmf-dist/tex/latex/geometry/geometry.sty
Package: geometry 2010/09/12 v5.6 Page Geometry

(/usr/local/texlive/2016/texmf-dist/tex/generic/oberdiek/ifvtex.sty
Package: ifvtex 2016/05/16 v1.6 Detect VTeX and its facilities (HO)
Package ifvtex Info: VTeX not detected.
)
(/usr/local/texlive/2016/texmf-dist/tex/generic/ifxetex/ifxetex.sty
Package: ifxetex 2010/09/12 v0.6 Provides ifxetex conditional
)
\Gm@cnth=\count102
\Gm@cntv=\count103
\c@Gm@tempcnt=\count104
\Gm@bindingoffset=\dimen119
\Gm@wd@mp=\dimen120
\Gm@odd@mp=\dimen121
\Gm@even@mp=\dimen122
\Gm@layoutwidth=\dimen123
\Gm@layoutheight=\dimen124
\Gm@layouthoffset=\dimen125
\Gm@layoutvoffset=\dimen126
\Gm@dimlist=\toks15
)
(/usr/local/texlive/2016/texmf-dist/tex/latex/base/size11.clo
File: size11.clo 2014/09/29 v1.4h Standard LaTeX file (size option)
)
(/usr/local/texlive/2016/texmf-dist/tex/latex/pgf/basiclayer/pgfcore.sty
(/usr/local/texlive/2016/texmf-dist/tex/latex/graphics/graphicx.sty
Package: graphicx 2014/10/28 v1.0g Enhanced LaTeX Graphics (DPC,SPQR)

(/usr/local/texlive/2016/texmf-dist/tex/latex/graphics/graphics.sty
Package: graphics 2016/06/02 v1.0s Standard LaTeX Graphics (DPC,SPQR)

(/usr/local/texlive/2016/texmf-dist/tex/latex/graphics/trig.sty
Package: trig 2016/01/03 v1.10 sin cos tan (DPC)
)
(/usr/local/texlive/2016/texmf-dist/tex/latex/graphics-cfg/graphics.cfg
File: graphics.cfg 2016/06/04 v1.11 sample graphics configuration
)
Package graphics Info: Driver file: pdftex.def on input line 99.

(/usr/local/texlive/2016/texmf-dist/tex/latex/pdftex-def/pdftex.def
File: pdftex.def 2016/06/17 v0.06h Graphics/color for pdfTeX

(/usr/local/texlive/2016/texmf-dist/tex/generic/oberdiek/infwarerr.sty
Package: infwarerr 2016/05/16 v1.4 Providing info/warning/error messages (HO)
)
(/usr/local/texlive/2016/texmf-dist/tex/generic/oberdiek/ltxcmds.sty
Package: ltxcmds 2016/05/16 v1.23 LaTeX kernel commands for general use (HO)
)
\Gread@gobject=\count105
))
\Gin@req@height=\dimen127
\Gin@req@width=\dimen128
)
(/usr/local/texlive/2016/texmf-dist/tex/latex/pgf/systemlayer/pgfsys.sty
(/usr/local/texlive/2016/texmf-dist/tex/latex/pgf/utilities/pgfrcs.sty
(/usr/local/texlive/2016/texmf-dist/tex/generic/pgf/utilities/pgfutil-common.te
x
\pgfutil@everybye=\toks16
\pgfutil@tempdima=\dimen129
\pgfutil@tempdimb=\dimen130

(/usr/local/texlive/2016/texmf-dist/tex/generic/pgf/utilities/pgfutil-common-li
sts.tex))
(/usr/local/texlive/2016/texmf-dist/tex/generic/pgf/utilities/pgfutil-latex.def
\pgfutil@abb=\box34
(/usr/local/texlive/2016/texmf-dist/tex/latex/ms/everyshi.sty
Package: everyshi 2001/05/15 v3.00 EveryShipout Package (MS)
))
(/usr/local/texlive/2016/texmf-dist/tex/generic/pgf/utilities/pgfrcs.code.tex
Package: pgfrcs 2015/08/07 v3.0.1a (rcs-revision 1.31)
))
(/usr/local/texlive/2016/texmf-dist/tex/generic/pgf/systemlayer/pgfsys.code.tex
Package: pgfsys 2014/07/09 v3.0.1a (rcs-revision 1.48)
(/usr/local/texlive/2016/texmf-dist/tex/generic/pgf/utilities/pgfkeys.code.tex
\pgfkeys@pathtoks=\toks17
\pgfkeys@temptoks=\toks18

(/usr/local/texlive/2016/texmf-dist/tex/generic/pgf/utilities/pgfkeysfiltered.c
ode.tex
\pgfkeys@tmptoks=\toks19
))
\pgf@x=\dimen131
\pgf@y=\dimen132
\pgf@xa=\dimen133
\pgf@ya=\dimen134
\pgf@xb=\dimen135
\pgf@yb=\dimen136
\pgf@xc=\dimen137
\pgf@yc=\dimen138
\w@pgf@writea=\write3
\r@pgf@reada=\read1
\c@pgf@counta=\count106
\c@pgf@countb=\count107
\c@pgf@countc=\count108
\c@pgf@countd=\count109
\t@pgf@toka=\toks20
\t@pgf@tokb=\toks21
\t@pgf@tokc=\toks22

(/usr/local/texlive/2016/texmf-dist/tex/generic/pgf/systemlayer/pgf.cfg
File: pgf.cfg 2008/05/14  (rcs-revision 1.7)
)
Driver file for pgf: pgfsys-pdftex.def

(/usr/local/texlive/2016/texmf-dist/tex/generic/pgf/systemlayer/pgfsys-pdftex.d
ef
File: pgfsys-pdftex.def 2014/10/11  (rcs-revision 1.35)

(/usr/local/texlive/2016/texmf-dist/tex/generic/pgf/systemlayer/pgfsys-common-p
df.def
File: pgfsys-common-pdf.def 2013/10/10  (rcs-revision 1.13)
)))
(/usr/local/texlive/2016/texmf-dist/tex/generic/pgf/systemlayer/pgfsyssoftpath.
code.tex
File: pgfsyssoftpath.code.tex 2013/09/09  (rcs-revision 1.9)
\pgfsyssoftpath@smallbuffer@items=\count110
\pgfsyssoftpath@bigbuffer@items=\count111
)
(/usr/local/texlive/2016/texmf-dist/tex/generic/pgf/systemlayer/pgfsysprotocol.
code.tex
File: pgfsysprotocol.code.tex 2006/10/16  (rcs-revision 1.4)
)) (/usr/local/texlive/2016/texmf-dist/tex/latex/xcolor/xcolor.sty
Package: xcolor 2016/05/11 v2.12 LaTeX color extensions (UK)

(/usr/local/texlive/2016/texmf-dist/tex/latex/graphics-cfg/color.cfg
File: color.cfg 2016/01/02 v1.6 sample color configuration
)
Package xcolor Info: Driver file: pdftex.def on input line 225.
Package xcolor Info: Model `cmy' substituted by `cmy0' on input line 1348.
Package xcolor Info: Model `hsb' substituted by `rgb' on input line 1352.
Package xcolor Info: Model `RGB' extended on input line 1364.
Package xcolor Info: Model `HTML' substituted by `rgb' on input line 1366.
Package xcolor Info: Model `Hsb' substituted by `hsb' on input line 1367.
Package xcolor Info: Model `tHsb' substituted by `hsb' on input line 1368.
Package xcolor Info: Model `HSB' substituted by `hsb' on input line 1369.
Package xcolor Info: Model `Gray' substituted by `gray' on input line 1370.
Package xcolor Info: Model `wave' substituted by `hsb' on input line 1371.
)
(/usr/local/texlive/2016/texmf-dist/tex/generic/pgf/basiclayer/pgfcore.code.tex
Package: pgfcore 2010/04/11 v3.0.1a (rcs-revision 1.7)
(/usr/local/texlive/2016/texmf-dist/tex/generic/pgf/math/pgfmath.code.tex
(/usr/local/texlive/2016/texmf-dist/tex/generic/pgf/math/pgfmathcalc.code.tex
(/usr/local/texlive/2016/texmf-dist/tex/generic/pgf/math/pgfmathutil.code.tex)
(/usr/local/texlive/2016/texmf-dist/tex/generic/pgf/math/pgfmathparser.code.tex
\pgfmath@dimen=\dimen139
\pgfmath@count=\count112
\pgfmath@box=\box35
\pgfmath@toks=\toks23
\pgfmath@stack@operand=\toks24
\pgfmath@stack@operation=\toks25
)
(/usr/local/texlive/2016/texmf-dist/tex/generic/pgf/math/pgfmathfunctions.code.
tex
(/usr/local/texlive/2016/texmf-dist/tex/generic/pgf/math/pgfmathfunctions.basic
.code.tex)
(/usr/local/texlive/2016/texmf-dist/tex/generic/pgf/math/pgfmathfunctions.trigo
nometric.code.tex)
(/usr/local/texlive/2016/texmf-dist/tex/generic/pgf/math/pgfmathfunctions.rando
m.code.tex)
(/usr/local/texlive/2016/texmf-dist/tex/generic/pgf/math/pgfmathfunctions.compa
rison.code.tex)
(/usr/local/texlive/2016/texmf-dist/tex/generic/pgf/math/pgfmathfunctions.base.
code.tex)
(/usr/local/texlive/2016/texmf-dist/tex/generic/pgf/math/pgfmathfunctions.round
.code.tex)
(/usr/local/texlive/2016/texmf-dist/tex/generic/pgf/math/pgfmathfunctions.misc.
code.tex)
(/usr/local/texlive/2016/texmf-dist/tex/generic/pgf/math/pgfmathfunctions.integ
erarithmetics.code.tex)))
(/usr/local/texlive/2016/texmf-dist/tex/generic/pgf/math/pgfmathfloat.code.tex
\c@pgfmathroundto@lastzeros=\count113
))
(/usr/local/texlive/2016/texmf-dist/tex/generic/pgf/basiclayer/pgfcorepoints.co
de.tex
File: pgfcorepoints.code.tex 2013/10/07  (rcs-revision 1.27)
\pgf@picminx=\dimen140
\pgf@picmaxx=\dimen141
\pgf@picminy=\dimen142
\pgf@picmaxy=\dimen143
\pgf@pathminx=\dimen144
\pgf@pathmaxx=\dimen145
\pgf@pathminy=\dimen146
\pgf@pathmaxy=\dimen147
\pgf@xx=\dimen148
\pgf@xy=\dimen149
\pgf@yx=\dimen150
\pgf@yy=\dimen151
\pgf@zx=\dimen152
\pgf@zy=\dimen153
)
(/usr/local/texlive/2016/texmf-dist/tex/generic/pgf/basiclayer/pgfcorepathconst
ruct.code.tex
File: pgfcorepathconstruct.code.tex 2013/10/07  (rcs-revision 1.29)
\pgf@path@lastx=\dimen154
\pgf@path@lasty=\dimen155
)
(/usr/local/texlive/2016/texmf-dist/tex/generic/pgf/basiclayer/pgfcorepathusage
.code.tex
File: pgfcorepathusage.code.tex 2014/11/02  (rcs-revision 1.24)
\pgf@shorten@end@additional=\dimen156
\pgf@shorten@start@additional=\dimen157
)
(/usr/local/texlive/2016/texmf-dist/tex/generic/pgf/basiclayer/pgfcorescopes.co
de.tex
File: pgfcorescopes.code.tex 2015/05/08  (rcs-revision 1.46)
\pgfpic=\box36
\pgf@hbox=\box37
\pgf@layerbox@main=\box38
\pgf@picture@serial@count=\count114
)
(/usr/local/texlive/2016/texmf-dist/tex/generic/pgf/basiclayer/pgfcoregraphicst
ate.code.tex
File: pgfcoregraphicstate.code.tex 2014/11/02  (rcs-revision 1.12)
\pgflinewidth=\dimen158
)
(/usr/local/texlive/2016/texmf-dist/tex/generic/pgf/basiclayer/pgfcoretransform
ations.code.tex
File: pgfcoretransformations.code.tex 2015/08/07  (rcs-revision 1.20)
\pgf@pt@x=\dimen159
\pgf@pt@y=\dimen160
\pgf@pt@temp=\dimen161
)
(/usr/local/texlive/2016/texmf-dist/tex/generic/pgf/basiclayer/pgfcorequick.cod
e.tex
File: pgfcorequick.code.tex 2008/10/09  (rcs-revision 1.3)
)
(/usr/local/texlive/2016/texmf-dist/tex/generic/pgf/basiclayer/pgfcoreobjects.c
ode.tex
File: pgfcoreobjects.code.tex 2006/10/11  (rcs-revision 1.2)
)
(/usr/local/texlive/2016/texmf-dist/tex/generic/pgf/basiclayer/pgfcorepathproce
ssing.code.tex
File: pgfcorepathprocessing.code.tex 2013/09/09  (rcs-revision 1.9)
)
(/usr/local/texlive/2016/texmf-dist/tex/generic/pgf/basiclayer/pgfcorearrows.co
de.tex
File: pgfcorearrows.code.tex 2015/05/14  (rcs-revision 1.43)
\pgfarrowsep=\dimen162
)
(/usr/local/texlive/2016/texmf-dist/tex/generic/pgf/basiclayer/pgfcoreshade.cod
e.tex
File: pgfcoreshade.code.tex 2013/07/15  (rcs-revision 1.15)
\pgf@max=\dimen163
\pgf@sys@shading@range@num=\count115
)
(/usr/local/texlive/2016/texmf-dist/tex/generic/pgf/basiclayer/pgfcoreimage.cod
e.tex
File: pgfcoreimage.code.tex 2013/07/15  (rcs-revision 1.18)

(/usr/local/texlive/2016/texmf-dist/tex/generic/pgf/basiclayer/pgfcoreexternal.
code.tex
File: pgfcoreexternal.code.tex 2014/07/09  (rcs-revision 1.21)
\pgfexternal@startupbox=\box39
))
(/usr/local/texlive/2016/texmf-dist/tex/generic/pgf/basiclayer/pgfcorelayers.co
de.tex
File: pgfcorelayers.code.tex 2013/07/18  (rcs-revision 1.7)
)
(/usr/local/texlive/2016/texmf-dist/tex/generic/pgf/basiclayer/pgfcoretranspare
ncy.code.tex
File: pgfcoretransparency.code.tex 2013/09/30  (rcs-revision 1.5)
)
(/usr/local/texlive/2016/texmf-dist/tex/generic/pgf/basiclayer/pgfcorepatterns.
code.tex
File: pgfcorepatterns.code.tex 2013/11/07  (rcs-revision 1.5)
)))
(/usr/local/texlive/2016/texmf-dist/tex/latex/pgf/utilities/xxcolor.sty
Package: xxcolor 2003/10/24 ver 0.1
\XC@nummixins=\count116
\XC@countmixins=\count117
)
(/usr/local/texlive/2016/texmf-dist/tex/generic/oberdiek/atbegshi.sty
Package: atbegshi 2016/06/09 v1.18 At begin shipout hook (HO)
)
(/usr/local/texlive/2016/texmf-dist/tex/latex/hyperref/hyperref.sty
Package: hyperref 2016/05/21 v6.83p Hypertext links for LaTeX

(/usr/local/texlive/2016/texmf-dist/tex/generic/oberdiek/hobsub-hyperref.sty
Package: hobsub-hyperref 2016/05/16 v1.14 Bundle oberdiek, subset hyperref (HO)


(/usr/local/texlive/2016/texmf-dist/tex/generic/oberdiek/hobsub-generic.sty
Package: hobsub-generic 2016/05/16 v1.14 Bundle oberdiek, subset generic (HO)
Package: hobsub 2016/05/16 v1.14 Construct package bundles (HO)
Package hobsub Info: Skipping package `infwarerr' (already loaded).
Package hobsub Info: Skipping package `ltxcmds' (already loaded).
Package: ifluatex 2016/05/16 v1.4 Provides the ifluatex switch (HO)
Package ifluatex Info: LuaTeX not detected.
Package hobsub Info: Skipping package `ifvtex' (already loaded).
Package: intcalc 2016/05/16 v1.2 Expandable calculations with integers (HO)
Package hobsub Info: Skipping package `ifpdf' (already loaded).
Package: etexcmds 2016/05/16 v1.6 Avoid name clashes with e-TeX commands (HO)
Package etexcmds Info: Could not find \expanded.
(etexcmds)             That can mean that you are not using pdfTeX 1.50 or
(etexcmds)             that some package has redefined \expanded.
(etexcmds)             In the latter case, load this package earlier.
Package: kvsetkeys 2016/05/16 v1.17 Key value parser (HO)
Package: kvdefinekeys 2016/05/16 v1.4 Define keys (HO)
Package: pdftexcmds 2016/05/21 v0.22 Utility functions of pdfTeX for LuaTeX (HO
)
Package pdftexcmds Info: LuaTeX not detected.
Package pdftexcmds Info: \pdf@primitive is available.
Package pdftexcmds Info: \pdf@ifprimitive is available.
Package pdftexcmds Info: \pdfdraftmode found.
Package: pdfescape 2016/05/16 v1.14 Implements pdfTeX's escape features (HO)
Package: bigintcalc 2016/05/16 v1.4 Expandable calculations on big integers (HO
)
Package: bitset 2016/05/16 v1.2 Handle bit-vector datatype (HO)
Package: uniquecounter 2016/05/16 v1.3 Provide unlimited unique counter (HO)
)
Package hobsub Info: Skipping package `hobsub' (already loaded).
Package: letltxmacro 2016/05/16 v1.5 Let assignment for LaTeX macros (HO)
Package: hopatch 2016/05/16 v1.3 Wrapper for package hooks (HO)
Package: xcolor-patch 2016/05/16 xcolor patch
Package: atveryend 2016/05/16 v1.9 Hooks at the very end of document (HO)
Package atveryend Info: \enddocument detected (standard20110627).
Package hobsub Info: Skipping package `atbegshi' (already loaded).
Package: refcount 2016/05/16 v3.5 Data extraction from label references (HO)
Package: hycolor 2016/05/16 v1.8 Color options for hyperref/bookmark (HO)
)
(/usr/local/texlive/2016/texmf-dist/tex/latex/oberdiek/auxhook.sty
Package: auxhook 2016/05/16 v1.4 Hooks for auxiliary files (HO)
)
(/usr/local/texlive/2016/texmf-dist/tex/latex/oberdiek/kvoptions.sty
Package: kvoptions 2016/05/16 v3.12 Key value format for package options (HO)
)
\@linkdim=\dimen164
\Hy@linkcounter=\count118
\Hy@pagecounter=\count119

(/usr/local/texlive/2016/texmf-dist/tex/latex/hyperref/pd1enc.def
File: pd1enc.def 2016/05/21 v6.83p Hyperref: PDFDocEncoding definition (HO)
)
\Hy@SavedSpaceFactor=\count120

(/usr/local/texlive/2016/texmf-dist/tex/latex/latexconfig/hyperref.cfg
File: hyperref.cfg 2002/06/06 v1.2 hyperref configuration of TeXLive
)
Package hyperref Info: Option `bookmarks' set `true' on input line 4362.
Package hyperref Info: Option `bookmarksopen' set `true' on input line 4362.
Package hyperref Info: Option `implicit' set `false' on input line 4362.
Package hyperref Info: Hyper figures OFF on input line 4486.
Package hyperref Info: Link nesting OFF on input line 4491.
Package hyperref Info: Hyper index ON on input line 4494.
Package hyperref Info: Plain pages OFF on input line 4501.
Package hyperref Info: Backreferencing OFF on input line 4506.
Package hyperref Info: Implicit mode OFF; no redefinition of LaTeX internals.
Package hyperref Info: Bookmarks ON on input line 4735.
\c@Hy@tempcnt=\count121

(/usr/local/texlive/2016/texmf-dist/tex/latex/url/url.sty
\Urlmuskip=\muskip10
Package: url 2013/09/16  ver 3.4  Verb mode for urls, etc.
)
LaTeX Info: Redefining \url on input line 5088.
\XeTeXLinkMargin=\dimen165
\Fld@menulength=\count122
\Field@Width=\dimen166
\Fld@charsize=\dimen167
Package hyperref Info: Hyper figures OFF on input line 6342.
Package hyperref Info: Link nesting OFF on input line 6347.
Package hyperref Info: Hyper index ON on input line 6350.
Package hyperref Info: backreferencing OFF on input line 6357.
Package hyperref Info: Link coloring OFF on input line 6362.
Package hyperref Info: Link coloring with OCG OFF on input line 6367.
Package hyperref Info: PDF/A mode OFF on input line 6372.
LaTeX Info: Redefining \ref on input line 6412.
LaTeX Info: Redefining \pageref on input line 6416.
\Hy@abspage=\count123


Package hyperref Message: Stopped early.

)

Package hyperref Message: Driver (autodetected): hpdftex.

(/usr/local/texlive/2016/texmf-dist/tex/latex/hyperref/hpdftex.def
File: hpdftex.def 2016/05/21 v6.83p Hyperref driver for pdfTeX
\Fld@listcount=\count124
\c@bookmark@seq@number=\count125

(/usr/local/texlive/2016/texmf-dist/tex/latex/oberdiek/rerunfilecheck.sty
Package: rerunfilecheck 2016/05/16 v1.8 Rerun checks for auxiliary files (HO)
Package uniquecounter Info: New unique counter `rerunfilecheck' on input line 2
82.
))
(/usr/local/texlive/2016/texmf-dist/tex/latex/beamer/beamerbaserequires.sty
Package: beamerbaserequires 2010/05/01  (rcs-revision efa082c6111d)

(/usr/local/texlive/2016/texmf-dist/tex/latex/beamer/beamerbasecompatibility.st
y
Package: beamerbasecompatibility 2012/05/01  (rcs-revision 67c48b3b652d)
) (/usr/local/texlive/2016/texmf-dist/tex/latex/beamer/beamerbasefont.sty
Package: beamerbasefont 2015/01/05  (rcs-revision b4b4bee242e2)

(/usr/local/texlive/2016/texmf-dist/tex/latex/amsfonts/amssymb.sty
Package: amssymb 2013/01/14 v3.01 AMS font symbols

(/usr/local/texlive/2016/texmf-dist/tex/latex/amsfonts/amsfonts.sty
Package: amsfonts 2013/01/14 v3.01 Basic AMSFonts support
\@emptytoks=\toks26
\symAMSa=\mathgroup4
\symAMSb=\mathgroup5
LaTeX Font Info:    Overwriting math alphabet `\mathfrak' in version `bold'
(Font)                  U/euf/m/n --> U/euf/b/n on input line 106.
))
(/usr/local/texlive/2016/texmf-dist/tex/latex/sansmathaccent/sansmathaccent.sty
Package: sansmathaccent 2013/03/28
(/usr/local/texlive/2016/texmf-dist/tex/latex/filehook/filehook.sty
Package: filehook 2011/10/12 v0.5d Hooks for input files
)))
(/usr/local/texlive/2016/texmf-dist/tex/latex/beamer/beamerbasetranslator.sty
Package: beamerbasetranslator 2010/06/11  (rcs-revision 85fd1cc7fc42)

(/usr/local/texlive/2016/texmf-dist/tex/latex/beamer/translator/translator.sty
Package: translator 2010/06/12 ver 1.10

(/usr/local/texlive/2016/texmf-dist/tex/latex/beamer/translator/translator-lang
uage-mappings.tex)))
(/usr/local/texlive/2016/texmf-dist/tex/latex/beamer/beamerbasemisc.sty
Package: beamerbasemisc 2013/09/03  (rcs-revision a55719c41d85)
)
(/usr/local/texlive/2016/texmf-dist/tex/latex/beamer/beamerbasetwoscreens.sty
Package: beamerbasetwoscreens 2010/05/01  (rcs-revision efa082c6111d)
)
(/usr/local/texlive/2016/texmf-dist/tex/latex/beamer/beamerbaseoverlay.sty
Package: beamerbaseoverlay 2013/12/25  (rcs-revision f6bd5e3805da)
\beamer@argscount=\count126
\beamer@lastskipcover=\skip44
\beamer@trivlistdepth=\count127
)
(/usr/local/texlive/2016/texmf-dist/tex/latex/beamer/beamerbasetitle.sty
Package: beamerbasetitle 2010/09/21  (rcs-revision f0446ed0b6ae)
)
(/usr/local/texlive/2016/texmf-dist/tex/latex/beamer/beamerbasesection.sty
Package: beamerbasesection 2013/06/07  (rcs-revision 60b9fe0f342f)
\c@lecture=\count128
\c@part=\count129
\c@section=\count130
\c@subsection=\count131
\c@subsubsection=\count132
)
(/usr/local/texlive/2016/texmf-dist/tex/latex/beamer/beamerbaseframe.sty
Package: beamerbaseframe 2014/02/20  (rcs-revision 4b8ceeeff434)
\beamer@framebox=\box40
\beamer@frametitlebox=\box41
\beamer@zoombox=\box42
\beamer@zoomcount=\count133
\beamer@zoomframecount=\count134
\beamer@frametextheight=\dimen168
\c@subsectionslide=\count135
\beamer@frametopskip=\skip45
\beamer@framebottomskip=\skip46
\beamer@frametopskipautobreak=\skip47
\beamer@framebottomskipautobreak=\skip48
\beamer@envbody=\toks27
\framewidth=\dimen169
\c@framenumber=\count136
)
(/usr/local/texlive/2016/texmf-dist/tex/latex/beamer/beamerbaseverbatim.sty
Package: beamerbaseverbatim 2015/01/05  (rcs-revision 431510bb5890)
\beamer@verbatimfileout=\write4
)
(/usr/local/texlive/2016/texmf-dist/tex/latex/beamer/beamerbaseframesize.sty
Package: beamerbaseframesize 2011/09/12  (rcs-revision 70f9d8411e54)
\beamer@splitbox=\box43
\beamer@autobreakcount=\count137
\beamer@autobreaklastheight=\dimen170
\beamer@frametitletoks=\toks28
\beamer@framesubtitletoks=\toks29
)
(/usr/local/texlive/2016/texmf-dist/tex/latex/beamer/beamerbaseframecomponents.
sty
Package: beamerbaseframecomponents 2013/10/18  (rcs-revision 5cf6c5555a45)
\beamer@footins=\box44
) (/usr/local/texlive/2016/texmf-dist/tex/latex/beamer/beamerbasecolor.sty
Package: beamerbasecolor 2015/02/21  (rcs-revision d944b04ee2d5)
)
(/usr/local/texlive/2016/texmf-dist/tex/latex/beamer/beamerbasenotes.sty
Package: beamerbasenotes 2012/12/19  (rcs-revision 1686da3db3c9)
\beamer@frameboxcopy=\box45
)
(/usr/local/texlive/2016/texmf-dist/tex/latex/beamer/beamerbasetoc.sty
Package: beamerbasetoc 2015/03/08  (rcs-revision 7270298bbaae)
)
(/usr/local/texlive/2016/texmf-dist/tex/latex/beamer/beamerbasetemplates.sty
Package: beamerbasetemplates 2010/05/01  (rcs-revision efa082c6111d)
\beamer@sbttoks=\toks30

(/usr/local/texlive/2016/texmf-dist/tex/latex/beamer/beamerbaseauxtemplates.sty
Package: beamerbaseauxtemplates 2014/06/30  (rcs-revision 580088513a67)
(/usr/local/texlive/2016/texmf-dist/tex/latex/beamer/beamerbaseboxes.sty
Package: beamerbaseboxes 2012/05/13  (rcs-revision 56972908a390)
\bmb@box=\box46
\bmb@colorbox=\box47
\bmb@boxshadow=\box48
\bmb@boxshadowball=\box49
\bmb@boxshadowballlarge=\box50
\bmb@temp=\dimen171
\bmb@dima=\dimen172
\bmb@dimb=\dimen173
\bmb@prevheight=\dimen174
)
\beamer@blockheadheight=\dimen175
))
(/usr/local/texlive/2016/texmf-dist/tex/latex/beamer/beamerbaselocalstructure.s
ty
Package: beamerbaselocalstructure 2014/09/10  (rcs-revision 393f6dcff371)
 (/usr/local/texlive/2016/texmf-dist/tex/latex/tools/enumerate.sty
Package: enumerate 2015/07/23 v3.00 enumerate extensions (DPC)
\@enLab=\toks31
)
\c@figure=\count138
\c@table=\count139
\abovecaptionskip=\skip49
\belowcaptionskip=\skip50
)
(/usr/local/texlive/2016/texmf-dist/tex/latex/beamer/beamerbasenavigation.sty
Package: beamerbasenavigation 2015/02/27  (rcs-revision 923f4bf87efa)
\beamer@section@min@dim=\dimen176
)
(/usr/local/texlive/2016/texmf-dist/tex/latex/beamer/beamerbasetheorems.sty
Package: beamerbasetheorems 2010/06/06  (rcs-revision 7e7cc5e53e9d)

(/usr/local/texlive/2016/texmf-dist/tex/latex/amsmath/amsmath.sty
Package: amsmath 2016/03/10 v2.15b AMS math features
\@mathmargin=\skip51

For additional information on amsmath, use the `?' option.
(/usr/local/texlive/2016/texmf-dist/tex/latex/amsmath/amstext.sty
Package: amstext 2000/06/29 v2.01 AMS text

(/usr/local/texlive/2016/texmf-dist/tex/latex/amsmath/amsgen.sty
File: amsgen.sty 1999/11/30 v2.0 generic functions
\@emptytoks=\toks32
\ex@=\dimen177
))
(/usr/local/texlive/2016/texmf-dist/tex/latex/amsmath/amsbsy.sty
Package: amsbsy 1999/11/29 v1.2d Bold Symbols
\pmbraise@=\dimen178
)
(/usr/local/texlive/2016/texmf-dist/tex/latex/amsmath/amsopn.sty
Package: amsopn 2016/03/08 v2.02 operator names
)
\inf@bad=\count140
LaTeX Info: Redefining \frac on input line 199.
\uproot@=\count141
\leftroot@=\count142
LaTeX Info: Redefining \overline on input line 297.
\classnum@=\count143
\DOTSCASE@=\count144
LaTeX Info: Redefining \ldots on input line 394.
LaTeX Info: Redefining \dots on input line 397.
LaTeX Info: Redefining \cdots on input line 518.
\Mathstrutbox@=\box51
\strutbox@=\box52
\big@size=\dimen179
LaTeX Font Info:    Redeclaring font encoding OML on input line 634.
LaTeX Font Info:    Redeclaring font encoding OMS on input line 635.
\macc@depth=\count145
\c@MaxMatrixCols=\count146
\dotsspace@=\muskip11
\c@parentequation=\count147
\dspbrk@lvl=\count148
\tag@help=\toks33
\row@=\count149
\column@=\count150
\maxfields@=\count151
\andhelp@=\toks34
\eqnshift@=\dimen180
\alignsep@=\dimen181
\tagshift@=\dimen182
\tagwidth@=\dimen183
\totwidth@=\dimen184
\lineht@=\dimen185
\@envbody=\toks35
\multlinegap=\skip52
\multlinetaggap=\skip53
\mathdisplay@stack=\toks36
LaTeX Info: Redefining \[ on input line 2739.
LaTeX Info: Redefining \] on input line 2740.
)
(/usr/local/texlive/2016/texmf-dist/tex/latex/amscls/amsthm.sty
Package: amsthm 2015/03/04 v2.20.2
\thm@style=\toks37
\thm@bodyfont=\toks38
\thm@headfont=\toks39
\thm@notefont=\toks40
\thm@headpunct=\toks41
\thm@preskip=\skip54
\thm@postskip=\skip55
\thm@headsep=\skip56
\dth@everypar=\toks42
)
\c@theorem=\count152
)
(/usr/local/texlive/2016/texmf-dist/tex/latex/beamer/beamerbasethemes.sty
Package: beamerbasethemes 2010/05/01  (rcs-revision efa082c6111d)
))
(/usr/local/texlive/2016/texmf-dist/tex/latex/beamer/themes/theme/beamerthemede
fault.sty
Package: beamerthemedefault 2010/06/17  (rcs-revision d02a7cf4d8ae)

(/usr/local/texlive/2016/texmf-dist/tex/latex/beamer/themes/font/beamerfontthem
edefault.sty
Package: beamerfontthemedefault 2012/12/19  (rcs-revision 1686da3db3c9)
)
(/usr/local/texlive/2016/texmf-dist/tex/latex/beamer/themes/color/beamercolorth
emedefault.sty
Package: beamercolorthemedefault 2012/12/19  (rcs-revision 1686da3db3c9)
)
(/usr/local/texlive/2016/texmf-dist/tex/latex/beamer/themes/inner/beamerinnerth
emedefault.sty
Package: beamerinnerthemedefault 2014/06/30  (rcs-revision 580088513a67)
\beamer@dima=\dimen186
\beamer@dimb=\dimen187
)
(/usr/local/texlive/2016/texmf-dist/tex/latex/beamer/themes/outer/beamerouterth
emedefault.sty
Package: beamerouterthemedefault 2012/12/19  (rcs-revision 1686da3db3c9)
)))
(/usr/local/texlive/2016/texmf-dist/tex/latex/beamer/themes/theme/compatibility
/beamerthemesplit.sty
Package: beamerthemesplit 2010/06/17  (rcs-revision d02a7cf4d8ae)

(/usr/local/texlive/2016/texmf-dist/tex/latex/beamer/themes/color/beamercolorth
emewhale.sty
Package: beamercolorthemewhale 2010/06/17  (rcs-revision d02a7cf4d8ae)
)
(/usr/local/texlive/2016/texmf-dist/tex/latex/beamer/themes/outer/beamerouterth
emesplit.sty
Package: beamerouterthemesplit 2012/10/16  (rcs-revision 51a8c72084af)
)
(/usr/local/texlive/2016/texmf-dist/tex/latex/beamer/themes/font/beamerfontthem
estructurebold.sty
Package: beamerfontthemestructurebold 2010/06/17  (rcs-revision d02a7cf4d8ae)
))
(/usr/local/texlive/2016/texmf-dist/tex/latex/colortbl/colortbl.sty
Package: colortbl 2012/02/13 v1.0a Color table columns (DPC)

(/usr/local/texlive/2016/texmf-dist/tex/latex/tools/array.sty
Package: array 2014/10/28 v2.4c Tabular extension package (FMi)
\col@sep=\dimen188
\extrarowheight=\dimen189
\NC@list=\toks43
\extratabsurround=\skip57
\backup@length=\skip58
)
\everycr=\toks44
\minrowclearance=\skip59
)
(/usr/local/texlive/2016/texmf-dist/tex/latex/pgf/frontendlayer/tikz.sty
(/usr/local/texlive/2016/texmf-dist/tex/latex/pgf/basiclayer/pgf.sty
Package: pgf 2015/08/07 v3.0.1a (rcs-revision 1.15)

(/usr/local/texlive/2016/texmf-dist/tex/generic/pgf/modules/pgfmoduleshapes.cod
e.tex
File: pgfmoduleshapes.code.tex 2014/03/21  (rcs-revision 1.35)
\pgfnodeparttextbox=\box53
)
(/usr/local/texlive/2016/texmf-dist/tex/generic/pgf/modules/pgfmoduleplot.code.
tex
File: pgfmoduleplot.code.tex 2015/08/03  (rcs-revision 1.13)
)
(/usr/local/texlive/2016/texmf-dist/tex/latex/pgf/compatibility/pgfcomp-version
-0-65.sty
Package: pgfcomp-version-0-65 2007/07/03 v3.0.1a (rcs-revision 1.7)
\pgf@nodesepstart=\dimen190
\pgf@nodesepend=\dimen191
)
(/usr/local/texlive/2016/texmf-dist/tex/latex/pgf/compatibility/pgfcomp-version
-1-18.sty
Package: pgfcomp-version-1-18 2007/07/23 v3.0.1a (rcs-revision 1.1)
))
(/usr/local/texlive/2016/texmf-dist/tex/latex/pgf/utilities/pgffor.sty
(/usr/local/texlive/2016/texmf-dist/tex/latex/pgf/utilities/pgfkeys.sty
(/usr/local/texlive/2016/texmf-dist/tex/generic/pgf/utilities/pgfkeys.code.tex)
) (/usr/local/texlive/2016/texmf-dist/tex/latex/pgf/math/pgfmath.sty
(/usr/local/texlive/2016/texmf-dist/tex/generic/pgf/math/pgfmath.code.tex))
(/usr/local/texlive/2016/texmf-dist/tex/generic/pgf/utilities/pgffor.code.tex
Package: pgffor 2013/12/13 v3.0.1a (rcs-revision 1.25)

(/usr/local/texlive/2016/texmf-dist/tex/generic/pgf/math/pgfmath.code.tex)
\pgffor@iter=\dimen192
\pgffor@skip=\dimen193
\pgffor@stack=\toks45
\pgffor@toks=\toks46
))
(/usr/local/texlive/2016/texmf-dist/tex/generic/pgf/frontendlayer/tikz/tikz.cod
e.tex
Package: tikz 2015/08/07 v3.0.1a (rcs-revision 1.151)

(/usr/local/texlive/2016/texmf-dist/tex/generic/pgf/libraries/pgflibraryplothan
dlers.code.tex
File: pgflibraryplothandlers.code.tex 2013/08/31 v3.0.1a (rcs-revision 1.20)
\pgf@plot@mark@count=\count153
\pgfplotmarksize=\dimen194
)
\tikz@lastx=\dimen195
\tikz@lasty=\dimen196
\tikz@lastxsaved=\dimen197
\tikz@lastysaved=\dimen198
\tikzleveldistance=\dimen199
\tikzsiblingdistance=\dimen256
\tikz@figbox=\box54
\tikz@figbox@bg=\box55
\tikz@tempbox=\box56
\tikz@tempbox@bg=\box57
\tikztreelevel=\count154
\tikznumberofchildren=\count155
\tikznumberofcurrentchild=\count156
\tikz@fig@count=\count157

(/usr/local/texlive/2016/texmf-dist/tex/generic/pgf/modules/pgfmodulematrix.cod
e.tex
File: pgfmodulematrix.code.tex 2013/09/17  (rcs-revision 1.8)
\pgfmatrixcurrentrow=\count158
\pgfmatrixcurrentcolumn=\count159
\pgf@matrix@numberofcolumns=\count160
)
\tikz@expandcount=\count161

(/usr/local/texlive/2016/texmf-dist/tex/generic/pgf/frontendlayer/tikz/librarie
s/tikzlibrarytopaths.code.tex
File: tikzlibrarytopaths.code.tex 2008/06/17 v3.0.1a (rcs-revision 1.2)
)))
(/usr/local/texlive/2016/texmf-dist/tex/latex/graphics/epsfig.sty
Package: epsfig 1999/02/16 v1.7a (e)psfig emulation (SPQR)
\epsfxsize=\dimen257
\epsfysize=\dimen258
)
(/usr/local/texlive/2016/texmf-dist/tex/latex/oberdiek/epstopdf.sty
Package: epstopdf 2016/05/15 v2.6 Conversion with epstopdf on the fly (HO)

(/usr/local/texlive/2016/texmf-dist/tex/latex/oberdiek/epstopdf-base.sty
Package: epstopdf-base 2016/05/15 v2.6 Base part for package epstopdf

(/usr/local/texlive/2016/texmf-dist/tex/latex/oberdiek/grfext.sty
Package: grfext 2016/05/16 v1.2 Manage graphics extensions (HO)
)
Package epstopdf-base Info: Redefining graphics rule for `.eps' on input line 4
38.
Package grfext Info: Graphics extension search list:
(grfext)             [.png,.pdf,.jpg,.mps,.jpeg,.jbig2,.jb2,.PNG,.PDF,.JPG,.JPE
G,.JBIG2,.JB2,.eps]
(grfext)             \AppendGraphicsExtensions on input line 456.

(/usr/local/texlive/2016/texmf-dist/tex/latex/latexconfig/epstopdf-sys.cfg
File: epstopdf-sys.cfg 2010/07/13 v1.3 Configuration of (r)epstopdf for TeX Liv
e
)))
(/usr/local/texlive/2016/texmf-dist/tex/latex/subfigure/subfigure.sty
Package: subfigure 2002/03/15 v2.1.5 subfigure package
\subfigtopskip=\skip60
\subfigcapskip=\skip61
\subfigcaptopadj=\dimen259
\subfigbottomskip=\skip62
\subfigcapmargin=\dimen260
\subfiglabelskip=\skip63
\c@subfigure=\count162
\c@lofdepth=\count163
\c@subtable=\count164
\c@lotdepth=\count165

****************************************
* Local config file subfigure.cfg used *
****************************************
(/usr/local/texlive/2016/texmf-dist/tex/latex/subfigure/subfigure.cfg)
\subfig@top=\skip64
\subfig@bottom=\skip65
)
(./beamerthemeUSC.sty

LaTeX Warning: You have requested package `beamerthemeUSC',
               but the package provides `beamerthemeCambridgeUS'.

Package: beamerthemeCambridgeUS 2010/06/17  (rcs-revision d02a7cf4d8ae)

(/usr/local/texlive/2016/texmf-dist/tex/latex/beamer/themes/inner/beamerinnerth
emerounded.sty
Package: beamerinnerthemerounded 2010/06/17  (rcs-revision d02a7cf4d8ae)
) (./beamerouterthemeinfolinesUSC.sty

LaTeX Warning: You have requested package `beamerouterthemeinfolinesUSC',
               but the package provides `beamerouterthemeinfolines'.

Package: beamerouterthemeinfolines 2012/10/16  (rcs-revision 51a8c72084af)
) (./beamercolorthemetrojan.sty

LaTeX Warning: You have requested package `beamercolorthemetrojan',
               but the package provides `beamercolorthemebeaver'.

Package: beamercolorthemebeaver 2010/06/17  (rcs-revision d02a7cf4d8ae)
))
No file GIS2016_Slides.aux.
\openout1 = `GIS2016_Slides.aux'.

LaTeX Font Info:    Checking defaults for OML/cmm/m/it on input line 27.
LaTeX Font Info:    ... okay on input line 27.
LaTeX Font Info:    Checking defaults for T1/cmr/m/n on input line 27.
LaTeX Font Info:    ... okay on input line 27.
LaTeX Font Info:    Checking defaults for OT1/cmr/m/n on input line 27.
LaTeX Font Info:    ... okay on input line 27.
LaTeX Font Info:    Checking defaults for OMS/cmsy/m/n on input line 27.
LaTeX Font Info:    ... okay on input line 27.
LaTeX Font Info:    Checking defaults for OMX/cmex/m/n on input line 27.
LaTeX Font Info:    ... okay on input line 27.
LaTeX Font Info:    Checking defaults for U/cmr/m/n on input line 27.
LaTeX Font Info:    ... okay on input line 27.
LaTeX Font Info:    Checking defaults for PD1/pdf/m/n on input line 27.
LaTeX Font Info:    ... okay on input line 27.
*geometry* driver: auto-detecting
*geometry* detected driver: pdftex
*geometry* verbose mode - [ preamble ] result:
* driver: pdftex
* paper: custom
* layout: <same size as paper>
* layoutoffset:(h,v)=(0.0pt,0.0pt)
* modes: includehead includefoot 
* h-part:(L,W,R)=(10.95003pt, 342.2953pt, 10.95003pt)
* v-part:(T,H,B)=(0.0pt, 273.14662pt, 0.0pt)
* \paperwidth=364.19536pt
* \paperheight=273.14662pt
* \textwidth=342.2953pt
* \textheight=244.6939pt
* \oddsidemargin=-61.31996pt
* \evensidemargin=-61.31996pt
* \topmargin=-72.26999pt
* \headheight=14.22636pt
* \headsep=0.0pt
* \topskip=11.0pt
* \footskip=14.22636pt
* \marginparwidth=4.0pt
* \marginparsep=10.0pt
* \columnsep=10.0pt
* \skip\footins=10.0pt plus 4.0pt minus 2.0pt
* \hoffset=0.0pt
* \voffset=0.0pt
* \mag=1000
* \@twocolumnfalse
* \@twosidefalse
* \@mparswitchfalse
* \@reversemarginfalse
* (1in=72.27pt=25.4mm, 1cm=28.453pt)

(/usr/local/texlive/2016/texmf-dist/tex/context/base/mkii/supp-pdf.mkii
[Loading MPS to PDF converter (version 2006.09.02).]
\scratchcounter=\count166
\scratchdimen=\dimen261
\scratchbox=\box58
\nofMPsegments=\count167
\nofMParguments=\count168
\everyMPshowfont=\toks47
\MPscratchCnt=\count169
\MPscratchDim=\dimen262
\MPnumerator=\count170
\makeMPintoPDFobject=\count171
\everyMPtoPDFconversion=\toks48
) ABD: EveryShipout initializing macros
\AtBeginShipoutBox=\box59
Package hyperref Info: Link coloring OFF on input line 27.

(/usr/local/texlive/2016/texmf-dist/tex/latex/hyperref/nameref.sty
Package: nameref 2016/05/21 v2.44 Cross-referencing by name of section

(/usr/local/texlive/2016/texmf-dist/tex/generic/oberdiek/gettitlestring.sty
Package: gettitlestring 2016/05/16 v1.5 Cleanup title references (HO)
)
\c@section@level=\count172
)
LaTeX Info: Redefining \ref on input line 27.
LaTeX Info: Redefining \pageref on input line 27.
LaTeX Info: Redefining \nameref on input line 27.
\@outlinefile=\write5
\openout5 = `GIS2016_Slides.out'.

LaTeX Font Info:    Overwriting symbol font `operators' in version `normal'
(Font)                  OT1/cmr/m/n --> OT1/cmss/m/n on input line 27.
LaTeX Font Info:    Overwriting symbol font `operators' in version `bold'
(Font)                  OT1/cmr/bx/n --> OT1/cmss/bx/n on input line 27.
\symnumbers=\mathgroup6
\sympureletters=\mathgroup7
LaTeX Font Info:    Overwriting math alphabet `\mathrm' in version `normal'
(Font)                  OT1/cmss/m/n --> OT1/cmr/m/n on input line 27.
LaTeX Font Info:    Redeclaring math alphabet \mathbf on input line 27.
LaTeX Font Info:    Overwriting math alphabet `\mathbf' in version `normal'
(Font)                  OT1/cmr/bx/n --> OT1/cmss/bx/n on input line 27.
LaTeX Font Info:    Overwriting math alphabet `\mathbf' in version `bold'
(Font)                  OT1/cmr/bx/n --> OT1/cmss/bx/n on input line 27.
LaTeX Font Info:    Redeclaring math alphabet \mathsf on input line 27.
LaTeX Font Info:    Overwriting math alphabet `\mathsf' in version `normal'
(Font)                  OT1/cmss/m/n --> OT1/cmss/m/n on input line 27.
LaTeX Font Info:    Overwriting math alphabet `\mathsf' in version `bold'
(Font)                  OT1/cmss/bx/n --> OT1/cmss/m/n on input line 27.
LaTeX Font Info:    Redeclaring math alphabet \mathit on input line 27.
LaTeX Font Info:    Overwriting math alphabet `\mathit' in version `normal'
(Font)                  OT1/cmr/m/it --> OT1/cmss/m/it on input line 27.
LaTeX Font Info:    Overwriting math alphabet `\mathit' in version `bold'
(Font)                  OT1/cmr/bx/it --> OT1/cmss/m/it on input line 27.
LaTeX Font Info:    Redeclaring math alphabet \mathtt on input line 27.
LaTeX Font Info:    Overwriting math alphabet `\mathtt' in version `normal'
(Font)                  OT1/cmtt/m/n --> OT1/cmtt/m/n on input line 27.
LaTeX Font Info:    Overwriting math alphabet `\mathtt' in version `bold'
(Font)                  OT1/cmtt/m/n --> OT1/cmtt/m/n on input line 27.
LaTeX Font Info:    Overwriting symbol font `numbers' in version `bold'
(Font)                  OT1/cmss/m/n --> OT1/cmss/bx/n on input line 27.
LaTeX Font Info:    Overwriting symbol font `pureletters' in version `bold'
(Font)                  OT1/cmss/m/it --> OT1/cmss/bx/it on input line 27.
LaTeX Font Info:    Overwriting math alphabet `\mathrm' in version `bold'
(Font)                  OT1/cmss/bx/n --> OT1/cmr/bx/n on input line 27.
LaTeX Font Info:    Overwriting math alphabet `\mathbf' in version `bold'
(Font)                  OT1/cmss/bx/n --> OT1/cmss/bx/n on input line 27.
LaTeX Font Info:    Overwriting math alphabet `\mathsf' in version `bold'
(Font)                  OT1/cmss/m/n --> OT1/cmss/bx/n on input line 27.
LaTeX Font Info:    Overwriting math alphabet `\mathit' in version `bold'
(Font)                  OT1/cmss/m/it --> OT1/cmss/bx/it on input line 27.
LaTeX Font Info:    Overwriting math alphabet `\mathtt' in version `bold'
(Font)                  OT1/cmtt/m/n --> OT1/cmtt/bx/n on input line 27.
LaTeX Font Info:    Redeclaring symbol font `pureletters' on input line 27.
LaTeX Font Info:    Overwriting symbol font `pureletters' in version `normal'
(Font)                  OT1/cmss/m/it --> OT1/mathkerncmss/m/sl on input line 2
7.
LaTeX Font Info:    Overwriting symbol font `pureletters' in version `bold'
(Font)                  OT1/cmss/bx/it --> OT1/mathkerncmss/m/sl on input line 
27.
LaTeX Font Info:    Overwriting symbol font `pureletters' in version `bold'
(Font)                  OT1/mathkerncmss/m/sl --> OT1/mathkerncmss/bx/sl on inp
ut line 27.

(/usr/local/texlive/2016/texmf-dist/tex/latex/beamer/translator/dicts/translato
r-basic-dictionary/translator-basic-dictionary-English.dict
Dictionary: translator-basic-dictionary, Language: English 
)
(/usr/local/texlive/2016/texmf-dist/tex/latex/beamer/translator/dicts/translato
r-bibliography-dictionary/translator-bibliography-dictionary-English.dict
Dictionary: translator-bibliography-dictionary, Language: English 
)
(/usr/local/texlive/2016/texmf-dist/tex/latex/beamer/translator/dicts/translato
r-environment-dictionary/translator-environment-dictionary-English.dict
Dictionary: translator-environment-dictionary, Language: English 
)
(/usr/local/texlive/2016/texmf-dist/tex/latex/beamer/translator/dicts/translato
r-months-dictionary/translator-months-dictionary-English.dict
Dictionary: translator-months-dictionary, Language: English 
)
(/usr/local/texlive/2016/texmf-dist/tex/latex/beamer/translator/dicts/translato
r-numbers-dictionary/translator-numbers-dictionary-English.dict
Dictionary: translator-numbers-dictionary, Language: English 
)
(/usr/local/texlive/2016/texmf-dist/tex/latex/beamer/translator/dicts/translato
r-theorem-dictionary/translator-theorem-dictionary-English.dict
Dictionary: translator-theorem-dictionary, Language: English 
)
LaTeX Info: Redefining \includegraphics on input line 27.

No file GIS2016_Slides.nav.

Package hyperref Warning: Option `pdfauthor' has already been used,
(hyperref)                setting the option has no effect on input line 42.

<Graphics/old/viterbi_logo.jpg, id=20, 37.3395pt x 27.2217pt>
File: Graphics/old/viterbi_logo.jpg Graphic file (type jpg)

<use Graphics/old/viterbi_logo.jpg>
Package pdftex.def Info: Graphics/old/viterbi_logo.jpg used on input line 59.
(pdftex.def)             Requested size: 58.5479pt x 42.67912pt.

<Graphics/old/imsc_logo.jpg, id=21, 130.4875pt x 113.42375pt>
File: Graphics/old/imsc_logo.jpg Graphic file (type jpg)

<use Graphics/old/imsc_logo.jpg>
Package pdftex.def Info: Graphics/old/imsc_logo.jpg used on input line 59.
(pdftex.def)             Requested size: 49.09993pt x 42.67912pt.


LaTeX Font Warning: Font shape `OT1/cmss/bx/n' in size <4> not available
(Font)              size <5> substituted on input line 59.


LaTeX Font Warning: Font shape `OT1/cmss/m/n' in size <4> not available
(Font)              size <5> substituted on input line 59.

[1

{/usr/local/texlive/2016/texmf-var/fonts/map/pdftex/updmap/pdftex.map} <./Graph
ics/old/viterbi_logo.jpg> <./Graphics/old/imsc_logo.jpg>]
Package epstopdf Info: Source file: <Graphics/carpool.eps>
(epstopdf)                    date: 2016-10-26 10:39:41
(epstopdf)                    size: 2814223 bytes
(epstopdf)             Output file: <Graphics/carpool-eps-converted-to.pdf>
(epstopdf)                    date: 2016-10-26 10:41:01
(epstopdf)                    size: 55011 bytes
(epstopdf)             Command: <repstopdf --outfile=Graphics/carpool-eps-conve
rted-to.pdf Graphics/carpool.eps>
(epstopdf)             \includegraphics on input line 75.
Package epstopdf Info: Output file is already uptodate.

<Graphics/carpool-eps-converted-to.pdf, id=33, 1373.13pt x 401.5pt>
File: Graphics/carpool-eps-converted-to.pdf Graphic file (type pdf)

<use Graphics/carpool-eps-converted-to.pdf>
Package pdftex.def Info: Graphics/carpool-eps-converted-to.pdf used on input li
ne 75.
(pdftex.def)             Requested size: 256.72147pt x 75.0605pt.
Package epstopdf Info: Source file: <Graphics/ride-sharings.eps>
(epstopdf)                    date: 2016-10-05 12:02:26
(epstopdf)                    size: 422715 bytes
(epstopdf)             Output file: <Graphics/ride-sharings-eps-converted-to.pd
f>
(epstopdf)                    date: 2016-10-05 12:03:27
(epstopdf)                    size: 15586 bytes
(epstopdf)             Command: <repstopdf --outfile=Graphics/ride-sharings-eps
-converted-to.pdf Graphics/ride-sharings.eps>
(epstopdf)             \includegraphics on input line 75.
Package epstopdf Info: Output file is already uptodate.

<Graphics/ride-sharings-eps-converted-to.pdf, id=36, 587.19376pt x 133.49875pt>
File: Graphics/ride-sharings-eps-converted-to.pdf Graphic file (type pdf)
<use Graphics/ride-sharings-eps-converted-to.pdf>
Package pdftex.def Info: Graphics/ride-sharings-eps-converted-to.pdf used on in
put line 75.
(pdftex.def)             Requested size: 188.26346pt x 42.80194pt.
 [2

 <./Graphics/carpool-eps-converted-to.pdf> <./Graphics/ride-sharings-eps-conver
ted-to.pdf>]
Package epstopdf Info: Source file: <Graphics/carpool.eps>
(epstopdf)                    date: 2016-10-26 10:39:41
(epstopdf)                    size: 2814223 bytes
(epstopdf)             Output file: <Graphics/carpool-eps-converted-to.pdf>
(epstopdf)                    date: 2016-10-26 10:41:01
(epstopdf)                    size: 55011 bytes
(epstopdf)             Command: <repstopdf --outfile=Graphics/carpool-eps-conve
rted-to.pdf Graphics/carpool.eps>
(epstopdf)             \includegraphics on input line 75.
Package epstopdf Info: Output file is already uptodate.
File: Graphics/carpool-eps-converted-to.pdf Graphic file (type pdf)

<use Graphics/carpool-eps-converted-to.pdf>
Package pdftex.def Info: Graphics/carpool-eps-converted-to.pdf used on input li
ne 75.
(pdftex.def)             Requested size: 256.72147pt x 75.0605pt.
Package epstopdf Info: Source file: <Graphics/ride-sharings.eps>
(epstopdf)                    date: 2016-10-05 12:02:26
(epstopdf)                    size: 422715 bytes
(epstopdf)             Output file: <Graphics/ride-sharings-eps-converted-to.pd
f>
(epstopdf)                    date: 2016-10-05 12:03:27
(epstopdf)                    size: 15586 bytes
(epstopdf)             Command: <repstopdf --outfile=Graphics/ride-sharings-eps
-converted-to.pdf Graphics/ride-sharings.eps>
(epstopdf)             \includegraphics on input line 75.
Package epstopdf Info: Output file is already uptodate.
File: Graphics/ride-sharings-eps-converted-to.pdf Graphic file (type pdf)

<use Graphics/ride-sharings-eps-converted-to.pdf>
Package pdftex.def Info: Graphics/ride-sharings-eps-converted-to.pdf used on in
put line 75.
(pdftex.def)             Requested size: 188.26346pt x 42.80194pt.
 [3

]
Package epstopdf Info: Source file: <Graphics/carpool.eps>
(epstopdf)                    date: 2016-10-26 10:39:41
(epstopdf)                    size: 2814223 bytes
(epstopdf)             Output file: <Graphics/carpool-eps-converted-to.pdf>
(epstopdf)                    date: 2016-10-26 10:41:01
(epstopdf)                    size: 55011 bytes
(epstopdf)             Command: <repstopdf --outfile=Graphics/carpool-eps-conve
rted-to.pdf Graphics/carpool.eps>
(epstopdf)             \includegraphics on input line 75.
Package epstopdf Info: Output file is already uptodate.
File: Graphics/carpool-eps-converted-to.pdf Graphic file (type pdf)

<use Graphics/carpool-eps-converted-to.pdf>
Package pdftex.def Info: Graphics/carpool-eps-converted-to.pdf used on input li
ne 75.
(pdftex.def)             Requested size: 256.72147pt x 75.0605pt.
Package epstopdf Info: Source file: <Graphics/ride-sharings.eps>
(epstopdf)                    date: 2016-10-05 12:02:26
(epstopdf)                    size: 422715 bytes
(epstopdf)             Output file: <Graphics/ride-sharings-eps-converted-to.pd
f>
(epstopdf)                    date: 2016-10-05 12:03:27
(epstopdf)                    size: 15586 bytes
(epstopdf)             Command: <repstopdf --outfile=Graphics/ride-sharings-eps
-converted-to.pdf Graphics/ride-sharings.eps>
(epstopdf)             \includegraphics on input line 75.
Package epstopdf Info: Output file is already uptodate.
File: Graphics/ride-sharings-eps-converted-to.pdf Graphic file (type pdf)

<use Graphics/ride-sharings-eps-converted-to.pdf>
Package pdftex.def Info: Graphics/ride-sharings-eps-converted-to.pdf used on in
put line 75.
(pdftex.def)             Requested size: 188.26346pt x 42.80194pt.
 [4

]
Package epstopdf Info: Source file: <Graphics/ride-sharings.eps>
(epstopdf)                    date: 2016-10-05 12:02:26
(epstopdf)                    size: 422715 bytes
(epstopdf)             Output file: <Graphics/ride-sharings-eps-converted-to.pd
f>
(epstopdf)                    date: 2016-10-05 12:03:27
(epstopdf)                    size: 15586 bytes
(epstopdf)             Command: <repstopdf --outfile=Graphics/ride-sharings-eps
-converted-to.pdf Graphics/ride-sharings.eps>
(epstopdf)             \includegraphics on input line 124.
Package epstopdf Info: Output file is already uptodate.
File: Graphics/ride-sharings-eps-converted-to.pdf Graphic file (type pdf)

<use Graphics/ride-sharings-eps-converted-to.pdf>
Package pdftex.def Info: Graphics/ride-sharings-eps-converted-to.pdf used on in
put line 124.
(pdftex.def)             Requested size: 188.26346pt x 42.80194pt.
 [5

]
Package epstopdf Info: Source file: <Graphics/ride-sharings.eps>
(epstopdf)                    date: 2016-10-05 12:02:26
(epstopdf)                    size: 422715 bytes
(epstopdf)             Output file: <Graphics/ride-sharings-eps-converted-to.pd
f>
(epstopdf)                    date: 2016-10-05 12:03:27
(epstopdf)                    size: 15586 bytes
(epstopdf)             Command: <repstopdf --outfile=Graphics/ride-sharings-eps
-converted-to.pdf Graphics/ride-sharings.eps>
(epstopdf)             \includegraphics on input line 124.
Package epstopdf Info: Output file is already uptodate.
File: Graphics/ride-sharings-eps-converted-to.pdf Graphic file (type pdf)

<use Graphics/ride-sharings-eps-converted-to.pdf>
Package pdftex.def Info: Graphics/ride-sharings-eps-converted-to.pdf used on in
put line 124.
(pdftex.def)             Requested size: 188.26346pt x 42.80194pt.
 [6

]
Package epstopdf Info: Source file: <Graphics/ride-sharings.eps>
(epstopdf)                    date: 2016-10-05 12:02:26
(epstopdf)                    size: 422715 bytes
(epstopdf)             Output file: <Graphics/ride-sharings-eps-converted-to.pd
f>
(epstopdf)                    date: 2016-10-05 12:03:27
(epstopdf)                    size: 15586 bytes
(epstopdf)             Command: <repstopdf --outfile=Graphics/ride-sharings-eps
-converted-to.pdf Graphics/ride-sharings.eps>
(epstopdf)             \includegraphics on input line 124.
Package epstopdf Info: Output file is already uptodate.
File: Graphics/ride-sharings-eps-converted-to.pdf Graphic file (type pdf)

<use Graphics/ride-sharings-eps-converted-to.pdf>
Package pdftex.def Info: Graphics/ride-sharings-eps-converted-to.pdf used on in
put line 124.
(pdftex.def)             Requested size: 188.26346pt x 42.80194pt.
Package epstopdf Info: Source file: <Graphics/motivation_min1.eps>
(epstopdf)                    date: 2016-10-26 11:21:57
(epstopdf)                    size: 497159 bytes
(epstopdf)             Output file: <Graphics/motivation_min1-eps-converted-to.
pdf>
(epstopdf)                    date: 2016-10-26 11:23:32
(epstopdf)                    size: 10971 bytes
(epstopdf)             Command: <repstopdf --outfile=Graphics/motivation_min1-e
ps-converted-to.pdf Graphics/motivation_min1.eps>
(epstopdf)             \includegraphics on input line 124.
Package epstopdf Info: Output file is already uptodate.

<Graphics/motivation_min1-eps-converted-to.pdf, id=83, 814.04124pt x 113.42375p
t>
File: Graphics/motivation_min1-eps-converted-to.pdf Graphic file (type pdf)
 <use Graphics/motivation_min1-eps-converted-to.pdf>
Package pdftex.def Info: Graphics/motivation_min1-eps-converted-to.pdf used on 
input line 124.
(pdftex.def)             Requested size: 188.26346pt x 26.23055pt.
 [7

 <./Graphics/motivation_min1-eps-converted-to.pdf>]
Package epstopdf Info: Source file: <Graphics/ride-sharings.eps>
(epstopdf)                    date: 2016-10-05 12:02:26
(epstopdf)                    size: 422715 bytes
(epstopdf)             Output file: <Graphics/ride-sharings-eps-converted-to.pd
f>
(epstopdf)                    date: 2016-10-05 12:03:27
(epstopdf)                    size: 15586 bytes
(epstopdf)             Command: <repstopdf --outfile=Graphics/ride-sharings-eps
-converted-to.pdf Graphics/ride-sharings.eps>
(epstopdf)             \includegraphics on input line 124.
Package epstopdf Info: Output file is already uptodate.
File: Graphics/ride-sharings-eps-converted-to.pdf Graphic file (type pdf)

<use Graphics/ride-sharings-eps-converted-to.pdf>
Package pdftex.def Info: Graphics/ride-sharings-eps-converted-to.pdf used on in
put line 124.
(pdftex.def)             Requested size: 188.26346pt x 42.80194pt.
Package epstopdf Info: Source file: <Graphics/motivation_min1.eps>
(epstopdf)                    date: 2016-10-26 11:21:57
(epstopdf)                    size: 497159 bytes
(epstopdf)             Output file: <Graphics/motivation_min1-eps-converted-to.
pdf>
(epstopdf)                    date: 2016-10-26 11:23:32
(epstopdf)                    size: 10971 bytes
(epstopdf)             Command: <repstopdf --outfile=Graphics/motivation_min1-e
ps-converted-to.pdf Graphics/motivation_min1.eps>
(epstopdf)             \includegraphics on input line 124.
Package epstopdf Info: Output file is already uptodate.
File: Graphics/motivation_min1-eps-converted-to.pdf Graphic file (type pdf)

<use Graphics/motivation_min1-eps-converted-to.pdf>
Package pdftex.def Info: Graphics/motivation_min1-eps-converted-to.pdf used on 
input line 124.
(pdftex.def)             Requested size: 188.26346pt x 26.23055pt.
Package epstopdf Info: Source file: <Graphics/motivation_min2.eps>
(epstopdf)                    date: 2016-10-26 11:22:21
(epstopdf)                    size: 1147298 bytes
(epstopdf)             Output file: <Graphics/motivation_min2-eps-converted-to.
pdf>
(epstopdf)                    date: 2016-10-26 11:23:33
(epstopdf)                    size: 15557 bytes
(epstopdf)             Command: <repstopdf --outfile=Graphics/motivation_min2-e
ps-converted-to.pdf Graphics/motivation_min2.eps>
(epstopdf)             \includegraphics on input line 124.
Package epstopdf Info: Output file is already uptodate.

<Graphics/motivation_min2-eps-converted-to.pdf, id=96, 814.04124pt x 270.00874p
t>
File: Graphics/motivation_min2-eps-converted-to.pdf Graphic file (type pdf)
 <use Graphics/motivation_min2-eps-converted-to.pdf>
Package pdftex.def Info: Graphics/motivation_min2-eps-converted-to.pdf used on 
input line 124.
(pdftex.def)             Requested size: 188.26346pt x 62.44266pt.
 [8

 <./Graphics/motivation_min2-eps-converted-to.pdf>]
Package epstopdf Info: Source file: <Graphics/ride-sharings.eps>
(epstopdf)                    date: 2016-10-05 12:02:26
(epstopdf)                    size: 422715 bytes
(epstopdf)             Output file: <Graphics/ride-sharings-eps-converted-to.pd
f>
(epstopdf)                    date: 2016-10-05 12:03:27
(epstopdf)                    size: 15586 bytes
(epstopdf)             Command: <repstopdf --outfile=Graphics/ride-sharings-eps
-converted-to.pdf Graphics/ride-sharings.eps>
(epstopdf)             \includegraphics on input line 124.
Package epstopdf Info: Output file is already uptodate.
File: Graphics/ride-sharings-eps-converted-to.pdf Graphic file (type pdf)

<use Graphics/ride-sharings-eps-converted-to.pdf>
Package pdftex.def Info: Graphics/ride-sharings-eps-converted-to.pdf used on in
put line 124.
(pdftex.def)             Requested size: 188.26346pt x 42.80194pt.
Package epstopdf Info: Source file: <Graphics/pricing1.eps>
(epstopdf)                    date: 2016-10-26 11:28:44
(epstopdf)                    size: 1419319 bytes
(epstopdf)             Output file: <Graphics/pricing1-eps-converted-to.pdf>
(epstopdf)                    date: 2016-10-26 11:30:06
(epstopdf)                    size: 7560 bytes
(epstopdf)             Command: <repstopdf --outfile=Graphics/pricing1-eps-conv
erted-to.pdf Graphics/pricing1.eps>
(epstopdf)             \includegraphics on input line 124.
Package epstopdf Info: Output file is already uptodate.

<Graphics/pricing1-eps-converted-to.pdf, id=108, 795.97375pt x 341.275pt>
File: Graphics/pricing1-eps-converted-to.pdf Graphic file (type pdf)

<use Graphics/pricing1-eps-converted-to.pdf>
Package pdftex.def Info: Graphics/pricing1-eps-converted-to.pdf used on input l
ine 124.
(pdftex.def)             Requested size: 256.72147pt x 110.06944pt.
 [9

 <./Graphics/pricing1-eps-converted-to.pdf>]
Package epstopdf Info: Source file: <Graphics/ride-sharings.eps>
(epstopdf)                    date: 2016-10-05 12:02:26
(epstopdf)                    size: 422715 bytes
(epstopdf)             Output file: <Graphics/ride-sharings-eps-converted-to.pd
f>
(epstopdf)                    date: 2016-10-05 12:03:27
(epstopdf)                    size: 15586 bytes
(epstopdf)             Command: <repstopdf --outfile=Graphics/ride-sharings-eps
-converted-to.pdf Graphics/ride-sharings.eps>
(epstopdf)             \includegraphics on input line 124.
Package epstopdf Info: Output file is already uptodate.
File: Graphics/ride-sharings-eps-converted-to.pdf Graphic file (type pdf)
 <use Graphics/ride-sharings-eps-converted-to.pdf>
Package pdftex.def Info: Graphics/ride-sharings-eps-converted-to.pdf used on in
put line 124.
(pdftex.def)             Requested size: 188.26346pt x 42.80194pt.
Package epstopdf Info: Source file: <Graphics/pricing2.eps>
(epstopdf)                    date: 2016-10-26 11:29:15
(epstopdf)                    size: 1418327 bytes
(epstopdf)             Output file: <Graphics/pricing2-eps-converted-to.pdf>
(epstopdf)                    date: 2016-10-26 11:30:07
(epstopdf)                    size: 11405 bytes
(epstopdf)             Command: <repstopdf --outfile=Graphics/pricing2-eps-conv
erted-to.pdf Graphics/pricing2.eps>
(epstopdf)             \includegraphics on input line 124.
Package epstopdf Info: Output file is already uptodate.

<Graphics/pricing2-eps-converted-to.pdf, id=120, 795.97375pt x 341.275pt>
File: Graphics/pricing2-eps-converted-to.pdf Graphic file (type pdf)

<use Graphics/pricing2-eps-converted-to.pdf>
Package pdftex.def Info: Graphics/pricing2-eps-converted-to.pdf used on input l
ine 124.
(pdftex.def)             Requested size: 256.72147pt x 110.06944pt.
 [10

 <./Graphics/pricing2-eps-converted-to.pdf>]
Package epstopdf Info: Source file: <Graphics/ride-sharings.eps>
(epstopdf)                    date: 2016-10-05 12:02:26
(epstopdf)                    size: 422715 bytes
(epstopdf)             Output file: <Graphics/ride-sharings-eps-converted-to.pd
f>
(epstopdf)                    date: 2016-10-05 12:03:27
(epstopdf)                    size: 15586 bytes
(epstopdf)             Command: <repstopdf --outfile=Graphics/ride-sharings-eps
-converted-to.pdf Graphics/ride-sharings.eps>
(epstopdf)             \includegraphics on input line 124.
Package epstopdf Info: Output file is already uptodate.
File: Graphics/ride-sharings-eps-converted-to.pdf Graphic file (type pdf)
 <use Graphics/ride-sharings-eps-converted-to.pdf>
Package pdftex.def Info: Graphics/ride-sharings-eps-converted-to.pdf used on in
put line 124.
(pdftex.def)             Requested size: 188.26346pt x 42.80194pt.
Package epstopdf Info: Source file: <Graphics/pricing3.eps>
(epstopdf)                    date: 2016-10-26 11:31:29
(epstopdf)                    size: 1398212 bytes
(epstopdf)             Output file: <Graphics/pricing3-eps-converted-to.pdf>
(epstopdf)                    date: 2016-10-26 11:31:49
(epstopdf)                    size: 20542 bytes
(epstopdf)             Command: <repstopdf --outfile=Graphics/pricing3-eps-conv
erted-to.pdf Graphics/pricing3.eps>
(epstopdf)             \includegraphics on input line 124.
Package epstopdf Info: Output file is already uptodate.

<Graphics/pricing3-eps-converted-to.pdf, id=132, 795.97375pt x 341.275pt>
File: Graphics/pricing3-eps-converted-to.pdf Graphic file (type pdf)

<use Graphics/pricing3-eps-converted-to.pdf>
Package pdftex.def Info: Graphics/pricing3-eps-converted-to.pdf used on input l
ine 124.
(pdftex.def)             Requested size: 256.72147pt x 110.06944pt.
 [11

 <./Graphics/pricing3-eps-converted-to.pdf>]
Package epstopdf Info: Source file: <Graphics/ride-sharings.eps>
(epstopdf)                    date: 2016-10-05 12:02:26
(epstopdf)                    size: 422715 bytes
(epstopdf)             Output file: <Graphics/ride-sharings-eps-converted-to.pd
f>
(epstopdf)                    date: 2016-10-05 12:03:27
(epstopdf)                    size: 15586 bytes
(epstopdf)             Command: <repstopdf --outfile=Graphics/ride-sharings-eps
-converted-to.pdf Graphics/ride-sharings.eps>
(epstopdf)             \includegraphics on input line 160.
Package epstopdf Info: Output file is already uptodate.
File: Graphics/ride-sharings-eps-converted-to.pdf Graphic file (type pdf)
 <use Graphics/ride-sharings-eps-converted-to.pdf>
Package pdftex.def Info: Graphics/ride-sharings-eps-converted-to.pdf used on in
put line 160.
(pdftex.def)             Requested size: 188.26346pt x 42.80194pt.
Package epstopdf Info: Source file: <Graphics/scalability1.eps>
(epstopdf)                    date: 2016-10-26 11:53:29
(epstopdf)                    size: 977285 bytes
(epstopdf)             Output file: <Graphics/scalability1-eps-converted-to.pdf
>
(epstopdf)                    date: 2016-10-26 11:54:13
(epstopdf)                    size: 9716 bytes
(epstopdf)             Command: <repstopdf --outfile=Graphics/scalability1-eps-
converted-to.pdf Graphics/scalability1.eps>
(epstopdf)             \includegraphics on input line 160.
Package epstopdf Info: Output file is already uptodate.

<Graphics/scalability1-eps-converted-to.pdf, id=144, 682.55pt x 270.00874pt>
File: Graphics/scalability1-eps-converted-to.pdf Graphic file (type pdf)

<use Graphics/scalability1-eps-converted-to.pdf>
Package pdftex.def Info: Graphics/scalability1-eps-converted-to.pdf used on inp
ut line 160.
(pdftex.def)             Requested size: 205.37926pt x 81.2422pt.
 [12

 <./Graphics/scalability1-eps-converted-to.pdf>]
Package epstopdf Info: Source file: <Graphics/ride-sharings.eps>
(epstopdf)                    date: 2016-10-05 12:02:26
(epstopdf)                    size: 422715 bytes
(epstopdf)             Output file: <Graphics/ride-sharings-eps-converted-to.pd
f>
(epstopdf)                    date: 2016-10-05 12:03:27
(epstopdf)                    size: 15586 bytes
(epstopdf)             Command: <repstopdf --outfile=Graphics/ride-sharings-eps
-converted-to.pdf Graphics/ride-sharings.eps>
(epstopdf)             \includegraphics on input line 160.
Package epstopdf Info: Output file is already uptodate.
File: Graphics/ride-sharings-eps-converted-to.pdf Graphic file (type pdf)
 <use Graphics/ride-sharings-eps-converted-to.pdf>
Package pdftex.def Info: Graphics/ride-sharings-eps-converted-to.pdf used on in
put line 160.
(pdftex.def)             Requested size: 188.26346pt x 42.80194pt.
Package epstopdf Info: Source file: <Graphics/scalability2.eps>
(epstopdf)                    date: 2016-10-26 11:53:44
(epstopdf)                    size: 976689 bytes
(epstopdf)             Output file: <Graphics/scalability2-eps-converted-to.pdf
>
(epstopdf)                    date: 2016-10-26 11:54:14
(epstopdf)                    size: 12640 bytes
(epstopdf)             Command: <repstopdf --outfile=Graphics/scalability2-eps-
converted-to.pdf Graphics/scalability2.eps>
(epstopdf)             \includegraphics on input line 160.
Package epstopdf Info: Output file is already uptodate.

<Graphics/scalability2-eps-converted-to.pdf, id=156, 682.55pt x 270.00874pt>
File: Graphics/scalability2-eps-converted-to.pdf Graphic file (type pdf)

<use Graphics/scalability2-eps-converted-to.pdf>
Package pdftex.def Info: Graphics/scalability2-eps-converted-to.pdf used on inp
ut line 160.
(pdftex.def)             Requested size: 205.37926pt x 81.2422pt.
 [13

 <./Graphics/scalability2-eps-converted-to.pdf>]
Package epstopdf Info: Source file: <Graphics/ride-sharings.eps>
(epstopdf)                    date: 2016-10-05 12:02:26
(epstopdf)                    size: 422715 bytes
(epstopdf)             Output file: <Graphics/ride-sharings-eps-converted-to.pd
f>
(epstopdf)                    date: 2016-10-05 12:03:27
(epstopdf)                    size: 15586 bytes
(epstopdf)             Command: <repstopdf --outfile=Graphics/ride-sharings-eps
-converted-to.pdf Graphics/ride-sharings.eps>
(epstopdf)             \includegraphics on input line 160.
Package epstopdf Info: Output file is already uptodate.
File: Graphics/ride-sharings-eps-converted-to.pdf Graphic file (type pdf)
 <use Graphics/ride-sharings-eps-converted-to.pdf>
Package pdftex.def Info: Graphics/ride-sharings-eps-converted-to.pdf used on in
put line 160.
(pdftex.def)             Requested size: 188.26346pt x 42.80194pt.
Package epstopdf Info: Source file: <Graphics/scalability3.eps>
(epstopdf)                    date: 2016-10-26 11:54:06
(epstopdf)                    size: 973175 bytes
(epstopdf)             Output file: <Graphics/scalability3-eps-converted-to.pdf
>
(epstopdf)                    date: 2016-10-26 11:54:14
(epstopdf)                    size: 17645 bytes
(epstopdf)             Command: <repstopdf --outfile=Graphics/scalability3-eps-
converted-to.pdf Graphics/scalability3.eps>
(epstopdf)             \includegraphics on input line 160.
Package epstopdf Info: Output file is already uptodate.

<Graphics/scalability3-eps-converted-to.pdf, id=170, 682.55pt x 270.00874pt>
File: Graphics/scalability3-eps-converted-to.pdf Graphic file (type pdf)

<use Graphics/scalability3-eps-converted-to.pdf>
Package pdftex.def Info: Graphics/scalability3-eps-converted-to.pdf used on inp
ut line 160.
(pdftex.def)             Requested size: 205.37926pt x 81.2422pt.
 [14

 <./Graphics/scalability3-eps-converted-to.pdf>]
No file GIS2016_Slides.toc.
[15

]
LaTeX Font Info:    Try loading font information for U+msa on input line 189.
 (/usr/local/texlive/2016/texmf-dist/tex/latex/amsfonts/umsa.fd
File: umsa.fd 2013/01/14 v3.01 AMS symbols A
)
LaTeX Font Info:    Try loading font information for U+msb on input line 189.

(/usr/local/texlive/2016/texmf-dist/tex/latex/amsfonts/umsb.fd
File: umsb.fd 2013/01/14 v3.01 AMS symbols B
)
LaTeX Font Info:    Try loading font information for OT1+mathkerncmss on input 
line 189.

(/usr/local/texlive/2016/texmf-dist/tex/latex/sansmathaccent/ot1mathkerncmss.fd
File: ot1mathkerncmss.fd 2013/03/27 Fontinst v1.933 font definitions for OT1/ma
thkerncmss.
) [16

] [17

] [18

] [19

]
No file GIS2016_Slides.toc.
[20

] [21

] [22

] [23

] [24

] [25

] [26

]
Package epstopdf Info: Source file: <Graphics/rider.eps>
(epstopdf)                    date: 2016-09-23 11:50:47
(epstopdf)                    size: 184685 bytes
(epstopdf)             Output file: <Graphics/rider-eps-converted-to.pdf>
(epstopdf)                    date: 2016-10-05 10:24:53
(epstopdf)                    size: 9855 bytes
(epstopdf)             Command: <repstopdf --outfile=Graphics/rider-eps-convert
ed-to.pdf Graphics/rider.eps>
(epstopdf)             \includegraphics on input line 262.
Package epstopdf Info: Output file is already uptodate.

<Graphics/rider-eps-converted-to.pdf, id=287, 613.29124pt x 482.80376pt>
File: Graphics/rider-eps-converted-to.pdf Graphic file (type pdf)

<use Graphics/rider-eps-converted-to.pdf>
Package pdftex.def Info: Graphics/rider-eps-converted-to.pdf used on input line
 262.
(pdftex.def)             Requested size: 162.58974pt x 127.99396pt.
 [27

 <./Graphics/rider-eps-converted-to.pdf>] [28

] [29

]
Package epstopdf Info: Source file: <Graphics/driver.eps>
(epstopdf)                    date: 2016-09-23 20:33:34
(epstopdf)                    size: 22529 bytes
(epstopdf)             Output file: <Graphics/driver-eps-converted-to.pdf>
(epstopdf)                    date: 2016-10-05 10:37:12
(epstopdf)                    size: 7789 bytes
(epstopdf)             Command: <repstopdf --outfile=Graphics/driver-eps-conver
ted-to.pdf Graphics/driver.eps>
(epstopdf)             \includegraphics on input line 299.
Package epstopdf Info: Output file is already uptodate.

<Graphics/driver-eps-converted-to.pdf, id=324, 615.29875pt x 482.80376pt>
File: Graphics/driver-eps-converted-to.pdf Graphic file (type pdf)

<use Graphics/driver-eps-converted-to.pdf>
Package pdftex.def Info: Graphics/driver-eps-converted-to.pdf used on input lin
e 299.
(pdftex.def)             Requested size: 130.06981pt x 102.05481pt.
 [30

 <./Graphics/driver-eps-converted-to.pdf>]
Package epstopdf Info: Source file: <Graphics/driver.eps>
(epstopdf)                    date: 2016-09-23 20:33:34
(epstopdf)                    size: 22529 bytes
(epstopdf)             Output file: <Graphics/driver-eps-converted-to.pdf>
(epstopdf)                    date: 2016-10-05 10:37:12
(epstopdf)                    size: 7789 bytes
(epstopdf)             Command: <repstopdf --outfile=Graphics/driver-eps-conver
ted-to.pdf Graphics/driver.eps>
(epstopdf)             \includegraphics on input line 299.
Package epstopdf Info: Output file is already uptodate.
File: Graphics/driver-eps-converted-to.pdf Graphic file (type pdf)
 <use Graphics/driver-eps-converted-to.pdf>
Package pdftex.def Info: Graphics/driver-eps-converted-to.pdf used on input lin
e 299.
(pdftex.def)             Requested size: 130.06981pt x 102.05481pt.
 [31

] [32

] [33

]
No file GIS2016_Slides.toc.
[34

]
Package epstopdf Info: Source file: <Graphics/overview1.eps>
(epstopdf)                    date: 2016-10-05 11:24:38
(epstopdf)                    size: 1630614 bytes
(epstopdf)             Output file: <Graphics/overview1-eps-converted-to.pdf>
(epstopdf)                    date: 2016-10-05 11:30:49
(epstopdf)                    size: 22952 bytes
(epstopdf)             Command: <repstopdf --outfile=Graphics/overview1-eps-con
verted-to.pdf Graphics/overview1.eps>
(epstopdf)             \includegraphics on input line 347.
Package epstopdf Info: Output file is already uptodate.

<Graphics/overview1-eps-converted-to.pdf, id=371, 683.55376pt x 455.7025pt>
File: Graphics/overview1-eps-converted-to.pdf Graphic file (type pdf)

<use Graphics/overview1-eps-converted-to.pdf>
Package pdftex.def Info: Graphics/overview1-eps-converted-to.pdf used on input 
line 347.
(pdftex.def)             Requested size: 325.17949pt x 216.78773pt.

Overfull \vbox (6.25076pt too high) detected at line 347
 []

[35

 <./Graphics/overview1-eps-converted-to.pdf>]
Package epstopdf Info: Source file: <Graphics/overview2.eps>
(epstopdf)                    date: 2016-10-05 11:27:36
(epstopdf)                    size: 1626152 bytes
(epstopdf)             Output file: <Graphics/overview2-eps-converted-to.pdf>
(epstopdf)                    date: 2016-10-05 11:32:19
(epstopdf)                    size: 29237 bytes
(epstopdf)             Command: <repstopdf --outfile=Graphics/overview2-eps-con
verted-to.pdf Graphics/overview2.eps>
(epstopdf)             \includegraphics on input line 347.
Package epstopdf Info: Output file is already uptodate.

<Graphics/overview2-eps-converted-to.pdf, id=383, 683.55376pt x 455.7025pt>
File: Graphics/overview2-eps-converted-to.pdf Graphic file (type pdf)

<use Graphics/overview2-eps-converted-to.pdf>
Package pdftex.def Info: Graphics/overview2-eps-converted-to.pdf used on input 
line 347.
(pdftex.def)             Requested size: 325.17949pt x 216.78773pt.

Overfull \vbox (6.25076pt too high) detected at line 347
 []

[36

 <./Graphics/overview2-eps-converted-to.pdf>]
Package epstopdf Info: Source file: <Graphics/overview3.eps>
(epstopdf)                    date: 2016-10-05 11:28:33
(epstopdf)                    size: 1637813 bytes
(epstopdf)             Output file: <Graphics/overview3-eps-converted-to.pdf>
(epstopdf)                    date: 2016-10-05 11:32:20
(epstopdf)                    size: 26424 bytes
(epstopdf)             Command: <repstopdf --outfile=Graphics/overview3-eps-con
verted-to.pdf Graphics/overview3.eps>
(epstopdf)             \includegraphics on input line 347.
Package epstopdf Info: Output file is already uptodate.

<Graphics/overview3-eps-converted-to.pdf, id=395, 683.55376pt x 455.7025pt>
File: Graphics/overview3-eps-converted-to.pdf Graphic file (type pdf)

<use Graphics/overview3-eps-converted-to.pdf>
Package pdftex.def Info: Graphics/overview3-eps-converted-to.pdf used on input 
line 347.
(pdftex.def)             Requested size: 325.17949pt x 216.78773pt.

Overfull \vbox (6.25076pt too high) detected at line 347
 []

[37

 <./Graphics/overview3-eps-converted-to.pdf>]
Package epstopdf Info: Source file: <Graphics/overview4.eps>
(epstopdf)                    date: 2016-10-05 11:29:28
(epstopdf)                    size: 1634468 bytes
(epstopdf)             Output file: <Graphics/overview4-eps-converted-to.pdf>
(epstopdf)                    date: 2016-10-05 11:32:21
(epstopdf)                    size: 22498 bytes
(epstopdf)             Command: <repstopdf --outfile=Graphics/overview4-eps-con
verted-to.pdf Graphics/overview4.eps>
(epstopdf)             \includegraphics on input line 347.
Package epstopdf Info: Output file is already uptodate.

<Graphics/overview4-eps-converted-to.pdf, id=408, 683.55376pt x 455.7025pt>
File: Graphics/overview4-eps-converted-to.pdf Graphic file (type pdf)

<use Graphics/overview4-eps-converted-to.pdf>
Package pdftex.def Info: Graphics/overview4-eps-converted-to.pdf used on input 
line 347.
(pdftex.def)             Requested size: 325.17949pt x 216.78773pt.

Overfull \vbox (6.25076pt too high) detected at line 347
 []

[38

 <./Graphics/overview4-eps-converted-to.pdf>]
Package epstopdf Info: Source file: <Graphics/dispatch1.eps>
(epstopdf)                    date: 2016-10-05 11:34:25
(epstopdf)                    size: 3903181 bytes
(epstopdf)             Output file: <Graphics/dispatch1-eps-converted-to.pdf>
(epstopdf)                    date: 2016-10-05 11:38:46
(epstopdf)                    size: 83532 bytes
(epstopdf)             Command: <repstopdf --outfile=Graphics/dispatch1-eps-con
verted-to.pdf Graphics/dispatch1.eps>
(epstopdf)             \includegraphics on input line 385.
Package epstopdf Info: Output file is already uptodate.

<Graphics/dispatch1-eps-converted-to.pdf, id=420, 1123.19624pt x 677.53125pt>
File: Graphics/dispatch1-eps-converted-to.pdf Graphic file (type pdf)

<use Graphics/dispatch1-eps-converted-to.pdf>
Package pdftex.def Info: Graphics/dispatch1-eps-converted-to.pdf used on input 
line 385.
(pdftex.def)             Requested size: 325.17949pt x 196.1482pt.
 [39

 <./Graphics/dispatch1-eps-converted-to.pdf>]
Package epstopdf Info: Source file: <Graphics/dispatch2.eps>
(epstopdf)                    date: 2016-10-05 11:35:07
(epstopdf)                    size: 3903245 bytes
(epstopdf)             Output file: <Graphics/dispatch2-eps-converted-to.pdf>
(epstopdf)                    date: 2016-10-05 11:39:40
(epstopdf)                    size: 83710 bytes
(epstopdf)             Command: <repstopdf --outfile=Graphics/dispatch2-eps-con
verted-to.pdf Graphics/dispatch2.eps>
(epstopdf)             \includegraphics on input line 385.
Package epstopdf Info: Output file is already uptodate.

<Graphics/dispatch2-eps-converted-to.pdf, id=432, 1123.19624pt x 677.53125pt>
File: Graphics/dispatch2-eps-converted-to.pdf Graphic file (type pdf)

<use Graphics/dispatch2-eps-converted-to.pdf>
Package pdftex.def Info: Graphics/dispatch2-eps-converted-to.pdf used on input 
line 385.
(pdftex.def)             Requested size: 325.17949pt x 196.1482pt.
 [40

 <./Graphics/dispatch2-eps-converted-to.pdf>]
Package epstopdf Info: Source file: <Graphics/dispatch4.eps>
(epstopdf)                    date: 2016-10-05 11:37:16
(epstopdf)                    size: 3805117 bytes
(epstopdf)             Output file: <Graphics/dispatch4-eps-converted-to.pdf>
(epstopdf)                    date: 2016-10-05 11:39:43
(epstopdf)                    size: 99349 bytes
(epstopdf)             Command: <repstopdf --outfile=Graphics/dispatch4-eps-con
verted-to.pdf Graphics/dispatch4.eps>
(epstopdf)             \includegraphics on input line 385.
Package epstopdf Info: Output file is already uptodate.

<Graphics/dispatch4-eps-converted-to.pdf, id=445, 1123.19624pt x 677.53125pt>
File: Graphics/dispatch4-eps-converted-to.pdf Graphic file (type pdf)

<use Graphics/dispatch4-eps-converted-to.pdf>
Package pdftex.def Info: Graphics/dispatch4-eps-converted-to.pdf used on input 
line 385.
(pdftex.def)             Requested size: 325.17949pt x 196.1482pt.
 [41

 <./Graphics/dispatch4-eps-converted-to.pdf>]
Package epstopdf Info: Source file: <Graphics/dispatch5.eps>
(epstopdf)                    date: 2016-10-05 11:38:25
(epstopdf)                    size: 3810360 bytes
(epstopdf)             Output file: <Graphics/dispatch5-eps-converted-to.pdf>
(epstopdf)                    date: 2016-10-05 11:39:45
(epstopdf)                    size: 100136 bytes
(epstopdf)             Command: <repstopdf --outfile=Graphics/dispatch5-eps-con
verted-to.pdf Graphics/dispatch5.eps>
(epstopdf)             \includegraphics on input line 385.
Package epstopdf Info: Output file is already uptodate.

<Graphics/dispatch5-eps-converted-to.pdf, id=457, 1123.19624pt x 677.53125pt>
File: Graphics/dispatch5-eps-converted-to.pdf Graphic file (type pdf)

<use Graphics/dispatch5-eps-converted-to.pdf>
Package pdftex.def Info: Graphics/dispatch5-eps-converted-to.pdf used on input 
line 385.
(pdftex.def)             Requested size: 325.17949pt x 196.1482pt.
 [42

 <./Graphics/dispatch5-eps-converted-to.pdf>]
Package epstopdf Info: Source file: <Graphics/bid1.eps>
(epstopdf)                    date: 2016-10-05 11:46:06
(epstopdf)                    size: 2481041 bytes
(epstopdf)             Output file: <Graphics/bid1-eps-converted-to.pdf>
(epstopdf)                    date: 2016-10-05 11:50:03
(epstopdf)                    size: 50338 bytes
(epstopdf)             Command: <repstopdf --outfile=Graphics/bid1-eps-converte
d-to.pdf Graphics/bid1.eps>
(epstopdf)             \includegraphics on input line 433.
Package epstopdf Info: Output file is already uptodate.

<Graphics/bid1-eps-converted-to.pdf, id=469, 702.625pt x 677.53125pt>
File: Graphics/bid1-eps-converted-to.pdf Graphic file (type pdf)

<use Graphics/bid1-eps-converted-to.pdf>
Package pdftex.def Info: Graphics/bid1-eps-converted-to.pdf used on input line 
433.
(pdftex.def)             Requested size: 227.62465pt x 219.49203pt.

Overfull \vbox (0.87386pt too high) detected at line 433
 []

[43

 <./Graphics/bid1-eps-converted-to.pdf>]
Package epstopdf Info: Source file: <Graphics/bid2.eps>
(epstopdf)                    date: 2016-10-05 11:46:37
(epstopdf)                    size: 2479739 bytes
(epstopdf)             Output file: <Graphics/bid2-eps-converted-to.pdf>
(epstopdf)                    date: 2016-10-05 11:52:21
(epstopdf)                    size: 51513 bytes
(epstopdf)             Command: <repstopdf --outfile=Graphics/bid2-eps-converte
d-to.pdf Graphics/bid2.eps>
(epstopdf)             \includegraphics on input line 433.
Package epstopdf Info: Output file is already uptodate.

<Graphics/bid2-eps-converted-to.pdf, id=482, 702.625pt x 677.53125pt>
File: Graphics/bid2-eps-converted-to.pdf Graphic file (type pdf)

<use Graphics/bid2-eps-converted-to.pdf>
Package pdftex.def Info: Graphics/bid2-eps-converted-to.pdf used on input line 
433.
(pdftex.def)             Requested size: 227.62465pt x 219.49203pt.

Overfull \vbox (0.87386pt too high) detected at line 433
 []

[44

 <./Graphics/bid2-eps-converted-to.pdf>]
Package epstopdf Info: Source file: <Graphics/bid3.eps>
(epstopdf)                    date: 2016-10-05 11:47:15
(epstopdf)                    size: 2480848 bytes
(epstopdf)             Output file: <Graphics/bid3-eps-converted-to.pdf>
(epstopdf)                    date: 2016-10-05 11:52:22
(epstopdf)                    size: 52214 bytes
(epstopdf)             Command: <repstopdf --outfile=Graphics/bid3-eps-converte
d-to.pdf Graphics/bid3.eps>
(epstopdf)             \includegraphics on input line 433.
Package epstopdf Info: Output file is already uptodate.

<Graphics/bid3-eps-converted-to.pdf, id=494, 702.625pt x 677.53125pt>
File: Graphics/bid3-eps-converted-to.pdf Graphic file (type pdf)

<use Graphics/bid3-eps-converted-to.pdf>
Package pdftex.def Info: Graphics/bid3-eps-converted-to.pdf used on input line 
433.
(pdftex.def)             Requested size: 227.62465pt x 219.49203pt.

Overfull \vbox (0.87386pt too high) detected at line 433
 []

[45

 <./Graphics/bid3-eps-converted-to.pdf>]
Package epstopdf Info: Source file: <Graphics/bid4.eps>
(epstopdf)                    date: 2016-10-05 11:47:51
(epstopdf)                    size: 2481947 bytes
(epstopdf)             Output file: <Graphics/bid4-eps-converted-to.pdf>
(epstopdf)                    date: 2016-10-05 11:52:23
(epstopdf)                    size: 51973 bytes
(epstopdf)             Command: <repstopdf --outfile=Graphics/bid4-eps-converte
d-to.pdf Graphics/bid4.eps>
(epstopdf)             \includegraphics on input line 433.
Package epstopdf Info: Output file is already uptodate.

<Graphics/bid4-eps-converted-to.pdf, id=506, 702.625pt x 677.53125pt>
File: Graphics/bid4-eps-converted-to.pdf Graphic file (type pdf)

<use Graphics/bid4-eps-converted-to.pdf>
Package pdftex.def Info: Graphics/bid4-eps-converted-to.pdf used on input line 
433.
(pdftex.def)             Requested size: 227.62465pt x 219.49203pt.

Overfull \vbox (0.87386pt too high) detected at line 433
 []

[46

 <./Graphics/bid4-eps-converted-to.pdf>]
Package epstopdf Info: Source file: <Graphics/bid4.eps>
(epstopdf)                    date: 2016-10-05 11:47:51
(epstopdf)                    size: 2481947 bytes
(epstopdf)             Output file: <Graphics/bid4-eps-converted-to.pdf>
(epstopdf)                    date: 2016-10-05 11:52:23
(epstopdf)                    size: 51973 bytes
(epstopdf)             Command: <repstopdf --outfile=Graphics/bid4-eps-converte
d-to.pdf Graphics/bid4.eps>
(epstopdf)             \includegraphics on input line 433.
Package epstopdf Info: Output file is already uptodate.
File: Graphics/bid4-eps-converted-to.pdf Graphic file (type pdf)

<use Graphics/bid4-eps-converted-to.pdf>
Package pdftex.def Info: Graphics/bid4-eps-converted-to.pdf used on input line 
433.
(pdftex.def)             Requested size: 227.62465pt x 219.49203pt.

Overfull \vbox (0.87386pt too high) detected at line 433
 []

[47

]
No file GIS2016_Slides.toc.
[48

] [49

]
Missing character: There is no  in font cmss8!
Missing character: There is no  in font cmss8!
Missing character: There is no  in font cmss8!
Missing character: There is no  in font cmss8!
Missing character: There is no  in font cmss8!
Missing character: There is no  in font cmss8!
Missing character: There is no  in font cmss8!
Missing character: There is no  in font cmss8!
Missing character: There is no  in font cmss8!
 [50

]
Overfull \hbox (2.1928pt too wide) in paragraph at lines 491--491
 [] 
 []

[51

] [52

]
Package epstopdf Info: Source file: <Graphics/default_sr.eps>
(epstopdf)                    date: 2016-06-28 14:54:24
(epstopdf)                    size: 22979 bytes
(epstopdf)             Output file: <Graphics/default_sr-eps-converted-to.pdf>
(epstopdf)                    date: 2016-10-05 12:23:11
(epstopdf)                    size: 9031 bytes
(epstopdf)             Command: <repstopdf --outfile=Graphics/default_sr-eps-co
nverted-to.pdf Graphics/default_sr.eps>
(epstopdf)             \includegraphics on input line 530.
Package epstopdf Info: Output file is already uptodate.

<Graphics/default_sr-eps-converted-to.pdf, id=562, 433.62pt x 252.945pt>
File: Graphics/default_sr-eps-converted-to.pdf Graphic file (type pdf)

<use Graphics/default_sr-eps-converted-to.pdf>
Package pdftex.def Info: Graphics/default_sr-eps-converted-to.pdf used on input
 line 530.
(pdftex.def)             Requested size: 162.58974pt x 94.84256pt.


LaTeX Font Warning: Font shape `OT1/cmss/bx/it' undefined
(Font)              using `OT1/cmss/bx/n' instead on input line 530.

Package epstopdf Info: Source file: <Graphics/availability.eps>
(epstopdf)                    date: 2016-09-23 16:13:43
(epstopdf)                    size: 22397 bytes
(epstopdf)             Output file: <Graphics/availability-eps-converted-to.pdf
>
(epstopdf)                    date: 2016-10-05 12:23:12
(epstopdf)                    size: 7846 bytes
(epstopdf)             Command: <repstopdf --outfile=Graphics/availability-eps-
converted-to.pdf Graphics/availability.eps>
(epstopdf)             \includegraphics on input line 530.
Package epstopdf Info: Output file is already uptodate.
<Graphics/availability-eps-converted-to.pdf, id=563, 433.62pt x 252.945pt>
File: Graphics/availability-eps-converted-to.pdf Graphic file (type pdf)

<use Graphics/availability-eps-converted-to.pdf>
Package pdftex.def Info: Graphics/availability-eps-converted-to.pdf used on inp
ut line 530.
(pdftex.def)             Requested size: 162.58974pt x 94.84256pt.
Package epstopdf Info: Source file: <Graphics/default_rev.eps>
(epstopdf)                    date: 2016-09-23 16:17:12
(epstopdf)                    size: 23073 bytes
(epstopdf)             Output file: <Graphics/default_rev-eps-converted-to.pdf>

(epstopdf)                    date: 2016-10-05 12:23:12
(epstopdf)                    size: 9276 bytes
(epstopdf)             Command: <repstopdf --outfile=Graphics/default_rev-eps-c
onverted-to.pdf Graphics/default_rev.eps>
(epstopdf)             \includegraphics on input line 530.
Package epstopdf Info: Output file is already uptodate.

<Graphics/default_rev-eps-converted-to.pdf, id=564, 433.62pt x 252.945pt>
File: Graphics/default_rev-eps-converted-to.pdf Graphic file (type pdf)

<use Graphics/default_rev-eps-converted-to.pdf>
Package pdftex.def Info: Graphics/default_rev-eps-converted-to.pdf used on inpu
t line 530.
(pdftex.def)             Requested size: 162.58974pt x 94.84256pt.
Package epstopdf Info: Source file: <Graphics/default_rp.eps>
(epstopdf)                    date: 2016-09-23 16:17:26
(epstopdf)                    size: 23062 bytes
(epstopdf)             Output file: <Graphics/default_rp-eps-converted-to.pdf>
(epstopdf)                    date: 2016-10-05 12:23:13
(epstopdf)                    size: 8633 bytes
(epstopdf)             Command: <repstopdf --outfile=Graphics/default_rp-eps-co
nverted-to.pdf Graphics/default_rp.eps>
(epstopdf)             \includegraphics on input line 530.
Package epstopdf Info: Output file is already uptodate.

<Graphics/default_rp-eps-converted-to.pdf, id=565, 433.62pt x 252.945pt>
File: Graphics/default_rp-eps-converted-to.pdf Graphic file (type pdf)

<use Graphics/default_rp-eps-converted-to.pdf>
Package pdftex.def Info: Graphics/default_rp-eps-converted-to.pdf used on input
 line 530.
(pdftex.def)             Requested size: 162.58974pt x 94.84256pt.
 [53

 <./Graphics/default_sr-eps-converted-to.pdf> <./Graphics/availability-eps-conv
erted-to.pdf> <./Graphics/default_rev-eps-converted-to.pdf> <./Graphics/default
_rp-eps-converted-to.pdf>]
Package epstopdf Info: Source file: <Graphics/saved.eps>
(epstopdf)                    date: 2016-06-28 14:54:24
(epstopdf)                    size: 24015 bytes
(epstopdf)             Output file: <Graphics/saved-eps-converted-to.pdf>
(epstopdf)                    date: 2016-10-05 12:40:02
(epstopdf)                    size: 12726 bytes
(epstopdf)             Command: <repstopdf --outfile=Graphics/saved-eps-convert
ed-to.pdf Graphics/saved.eps>
(epstopdf)             \includegraphics on input line 558.
Package epstopdf Info: Output file is already uptodate.

<Graphics/saved-eps-converted-to.pdf, id=594, 433.62pt x 252.945pt>
File: Graphics/saved-eps-converted-to.pdf Graphic file (type pdf)

<use Graphics/saved-eps-converted-to.pdf>
Package pdftex.def Info: Graphics/saved-eps-converted-to.pdf used on input line
 558.
(pdftex.def)             Requested size: 162.58974pt x 94.84256pt.
Package epstopdf Info: Source file: <Graphics/lost.eps>
(epstopdf)                    date: 2016-06-28 14:54:24
(epstopdf)                    size: 23994 bytes
(epstopdf)             Output file: <Graphics/lost-eps-converted-to.pdf>
(epstopdf)                    date: 2016-10-05 12:40:02
(epstopdf)                    size: 11056 bytes
(epstopdf)             Command: <repstopdf --outfile=Graphics/lost-eps-converte
d-to.pdf Graphics/lost.eps>
(epstopdf)             \includegraphics on input line 558.
Package epstopdf Info: Output file is already uptodate.

<Graphics/lost-eps-converted-to.pdf, id=595, 433.62pt x 252.945pt>
File: Graphics/lost-eps-converted-to.pdf Graphic file (type pdf)

<use Graphics/lost-eps-converted-to.pdf>
Package pdftex.def Info: Graphics/lost-eps-converted-to.pdf used on input line 
558.
(pdftex.def)             Requested size: 162.58974pt x 94.84256pt.
Missing character: There is no  in font cmss8!
Missing character: There is no  in font cmss8!
Missing character: There is no  in font cmss8!
Missing character: There is no  in font cmss8!
Missing character: There is no  in font cmss8!
Missing character: There is no  in font cmss8!
 [54

 <./Graphics/saved-eps-converted-to.pdf> <./Graphics/lost-eps-converted-to.pdf>
]
Package epstopdf Info: Source file: <Graphics/f_T.eps>
(epstopdf)                    date: 2016-10-27 15:03:03
(epstopdf)                    size: 10473 bytes
(epstopdf)             Output file: <Graphics/f_T-eps-converted-to.pdf>
(epstopdf)                    date: 2016-10-27 15:07:10
(epstopdf)                    size: 4327 bytes
(epstopdf)             Command: <repstopdf --outfile=Graphics/f_T-eps-converted
-to.pdf Graphics/f_T.eps>
(epstopdf)             \includegraphics on input line 585.
Package epstopdf Info: Output file is already uptodate.

<Graphics/f_T-eps-converted-to.pdf, id=613, 420.57124pt x 316.18124pt>
File: Graphics/f_T-eps-converted-to.pdf Graphic file (type pdf)

<use Graphics/f_T-eps-converted-to.pdf>
Package pdftex.def Info: Graphics/f_T-eps-converted-to.pdf used on input line 5
85.
(pdftex.def)             Requested size: 136.91862pt x 102.93137pt.
Package epstopdf Info: Source file: <Graphics/f_R.eps>
(epstopdf)                    date: 2016-10-27 15:04:34
(epstopdf)                    size: 10528 bytes
(epstopdf)             Output file: <Graphics/f_R-eps-converted-to.pdf>
(epstopdf)                    date: 2016-10-27 15:07:10
(epstopdf)                    size: 4357 bytes
(epstopdf)             Command: <repstopdf --outfile=Graphics/f_R-eps-converted
-to.pdf Graphics/f_R.eps>
(epstopdf)             \includegraphics on input line 585.
Package epstopdf Info: Output file is already uptodate.

<Graphics/f_R-eps-converted-to.pdf, id=614, 420.57124pt x 316.18124pt>
File: Graphics/f_R-eps-converted-to.pdf Graphic file (type pdf)

<use Graphics/f_R-eps-converted-to.pdf>
Package pdftex.def Info: Graphics/f_R-eps-converted-to.pdf used on input line 5
85.
(pdftex.def)             Requested size: 136.91862pt x 102.93137pt.
 [55

 <./Graphics/f_T-eps-converted-to.pdf> <./Graphics/f_R-eps-converted-to.pdf>]
Package epstopdf Info: Source file: <Graphics/quality.eps>
(epstopdf)                    date: 2016-06-28 14:54:24
(epstopdf)                    size: 23085 bytes
(epstopdf)             Output file: <Graphics/quality-eps-converted-to.pdf>
(epstopdf)                    date: 2016-10-05 12:43:52
(epstopdf)                    size: 7078 bytes
(epstopdf)             Command: <repstopdf --outfile=Graphics/quality-eps-conve
rted-to.pdf Graphics/quality.eps>
(epstopdf)             \includegraphics on input line 585.
Package epstopdf Info: Output file is already uptodate.

<Graphics/quality-eps-converted-to.pdf, id=636, 433.62pt x 252.945pt>
File: Graphics/quality-eps-converted-to.pdf Graphic file (type pdf)

<use Graphics/quality-eps-converted-to.pdf>
Package pdftex.def Info: Graphics/quality-eps-converted-to.pdf used on input li
ne 585.
(pdftex.def)             Requested size: 188.26346pt x 109.82176pt.
 [56

 <./Graphics/quality-eps-converted-to.pdf>] <Graphics/old/QandA.jpg, id=649, 72
2.7pt x 542.33922pt>
File: Graphics/old/QandA.jpg Graphic file (type jpg)

<use Graphics/old/QandA.jpg>
Package pdftex.def Info: Graphics/old/QandA.jpg used on input line 592.
(pdftex.def)             Requested size: 216.81166pt x 162.70302pt.
 [57

 <./Graphics/old/QandA.jpg>]
\tf@nav=\write6
\openout6 = `GIS2016_Slides.nav'.

\tf@toc=\write7
\openout7 = `GIS2016_Slides.toc'.

\tf@snm=\write8
\openout8 = `GIS2016_Slides.snm'.

Package atveryend Info: Empty hook `BeforeClearDocument' on input line 597.
Package atveryend Info: Empty hook `AfterLastShipout' on input line 597.

(./GIS2016_Slides.aux)
Package atveryend Info: Executing hook `AtVeryEndDocument' on input line 597.
Package atveryend Info: Executing hook `AtEndAfterFileList' on input line 597.


Package rerunfilecheck Warning: File `GIS2016_Slides.out' has changed.
(rerunfilecheck)                Rerun to get outlines right
(rerunfilecheck)                or use package `bookmark'.

Package rerunfilecheck Info: Checksums for `GIS2016_Slides.out':
(rerunfilecheck)             Before: <no file>
(rerunfilecheck)             After:  FA0FB708D20C4EAC0B1E19F94CDE58C7;190.

LaTeX Font Warning: Size substitutions with differences
(Font)              up to 1.0pt have occurred.


LaTeX Font Warning: Some font shapes were not available, defaults substituted.

Package atveryend Info: Empty hook `AtVeryVeryEnd' on input line 597.
 ) 
Here is how much of TeX's memory you used:
 20339 strings out of 493014
 408462 string characters out of 6133351
 466726 words of memory out of 5000000
 23249 multiletter control sequences out of 15000+600000
 15772 words of font info for 57 fonts, out of 8000000 for 9000
 1141 hyphenation exceptions out of 8191
 56i,17n,59p,423b,967s stack positions out of 5000i,500n,10000p,200000b,80000s
</usr/local/texlive/2016/texmf-dist/fonts/type1/public/amsfonts/cm/cmex10.pfb
></usr/local/texlive/2016/texmf-dist/fonts/type1/public/amsfonts/cm/cmmi10.pfb>
</usr/local/texlive/2016/texmf-dist/fonts/type1/public/amsfonts/cm/cmmi8.pfb></
usr/local/texlive/2016/texmf-dist/fonts/type1/public/amsfonts/cm/cmss10.pfb></u
sr/local/texlive/2016/texmf-dist/fonts/type1/public/amsfonts/cm/cmss12.pfb></us
r/local/texlive/2016/texmf-dist/fonts/type1/public/amsfonts/cm/cmss8.pfb></usr/
local/texlive/2016/texmf-dist/fonts/type1/public/amsfonts/cm/cmssbx10.pfb></usr
/local/texlive/2016/texmf-dist/fonts/type1/public/amsfonts/cm/cmssi10.pfb></usr
/local/texlive/2016/texmf-dist/fonts/type1/public/amsfonts/cm/cmssi8.pfb></usr/
local/texlive/2016/texmf-dist/fonts/type1/public/amsfonts/cm/cmsy10.pfb></usr/l
ocal/texlive/2016/texmf-dist/fonts/type1/public/amsfonts/cm/cmsy8.pfb></usr/loc
al/texlive/2016/texmf-dist/fonts/type1/public/amsfonts/symbols/msbm10.pfb>
Output written on GIS2016_Slides.pdf (57 pages, 1218506 bytes).
PDF statistics:
 728 PDF objects out of 1000 (max. 8388607)
 542 compressed objects within 6 object streams
 121 named destinations out of 1000 (max. 500000)
 289 words of extra memory for PDF output out of 10000 (max. 10000000)

